Log file open, 03/27/20 18:25:27
LogWindows: Failed to load 'aqProf.dll' (GetLastError=126)
LogWindows: File 'aqProf.dll' does not exist
LogWindows: Failed to load 'VtuneApi.dll' (GetLastError=126)
LogWindows: File 'VtuneApi.dll' does not exist
LogWindows: Failed to load 'VtuneApi32e.dll' (GetLastError=126)
LogWindows: File 'VtuneApi32e.dll' does not exist
LogConsoleResponse: Display: Failed to find resolution value strings in scalability ini. Falling back to default.
LogInit: Display: Running engine for game: estudiExamen
LogPlatformFile: Not using cached read wrapper
LogTaskGraph: Started task graph with 5 named threads and 35 total threads with 3 sets of task threads.
LogStats: Stats thread started at 0.064744
LogD3D11RHI: Loaded GFSDK_Aftermath_Lib.x64.dll
LogICUInternationalization: ICU TimeZone Detection - Raw Offset: +1:00, Platform Override: ''
LogPluginManager: Mounting plugin Paper2D
LogPluginManager: Mounting plugin AISupport
LogPluginManager: Mounting plugin LightPropagationVolume
LogPluginManager: Mounting plugin ActorLayerUtilities
LogPluginManager: Mounting plugin AnimationSharing
LogPluginManager: Mounting plugin CLionSourceCodeAccess
LogPluginManager: Mounting plugin CodeLiteSourceCodeAccess
LogPluginManager: Mounting plugin GitSourceControl
LogPluginManager: Mounting plugin KDevelopSourceCodeAccess
LogPluginManager: Mounting plugin NullSourceCodeAccess
LogPluginManager: Mounting plugin PerforceSourceControl
LogPluginManager: Mounting plugin PlasticSourceControl
LogPluginManager: Mounting plugin SubversionSourceControl
LogPluginManager: Mounting plugin UObjectPlugin
LogPluginManager: Mounting plugin VisualStudioCodeSourceCodeAccess
LogPluginManager: Mounting plugin VisualStudioSourceCodeAccess
LogPluginManager: Mounting plugin XCodeSourceCodeAccess
LogPluginManager: Mounting plugin AssetManagerEditor
LogPluginManager: Mounting plugin CryptoKeys
LogPluginManager: Mounting plugin CurveEditorTools
LogPluginManager: Mounting plugin DataValidation
LogPluginManager: Mounting plugin FacialAnimation
LogPluginManager: Mounting plugin GameplayTagsEditor
LogPluginManager: Mounting plugin MacGraphicsSwitching
LogPluginManager: Mounting plugin MaterialAnalyzer
LogPluginManager: Mounting plugin MobileLauncherProfileWizard
LogPluginManager: Mounting plugin PluginBrowser
LogPluginManager: Mounting plugin SpeedTreeImporter
LogPluginManager: Mounting plugin DatasmithContent
LogPluginManager: Mounting plugin VariantManagerContent
LogPluginManager: Mounting plugin AlembicImporter
LogPluginManager: Mounting plugin AutomationUtils
LogPluginManager: Mounting plugin BackChannel
LogPluginManager: Mounting plugin CharacterAI
LogPluginManager: Mounting plugin GeometryCache
LogPluginManager: Mounting plugin PlatformCrypto
LogPluginManager: Mounting plugin ProxyLODPlugin
LogPluginManager: Mounting plugin SkeletalReduction
LogPluginManager: Mounting plugin MagicLeap
LogPluginManager: Mounting plugin MagicLeapMedia
LogPluginManager: Mounting plugin MLSDK
LogPluginManager: Mounting plugin AndroidMedia
LogPluginManager: Mounting plugin AvfMedia
LogPluginManager: Mounting plugin ImgMedia
LogPluginManager: Mounting plugin MediaCompositing
LogPluginManager: Mounting plugin MediaPlayerEditor
LogPluginManager: Mounting plugin WebMMedia
LogPluginManager: Mounting plugin WmfMedia
LogPluginManager: Mounting plugin TcpMessaging
LogPluginManager: Mounting plugin UdpMessaging
LogPluginManager: Mounting plugin ActorSequence
LogPluginManager: Mounting plugin LevelSequenceEditor
LogPluginManager: Mounting plugin MatineeToLevelSequence
LogPluginManager: Mounting plugin NetcodeUnitTest
LogPluginManager: Mounting plugin NUTUnrealEngine4
LogPluginManager: Mounting plugin OnlineSubsystemGooglePlay
LogPluginManager: Mounting plugin OnlineSubsystemIOS
LogPluginManager: Mounting plugin OnlineSubsystem
LogPluginManager: Mounting plugin OnlineSubsystemNull
LogPluginManager: Mounting plugin OnlineSubsystemUtils
LogPluginManager: Mounting plugin LauncherChunkInstaller
LogPluginManager: Mounting plugin AndroidDeviceProfileSelector
LogPluginManager: Mounting plugin AndroidMoviePlayer
LogPluginManager: Mounting plugin AndroidPermission
LogPluginManager: Mounting plugin AppleImageUtils
LogPluginManager: Mounting plugin AppleMoviePlayer
LogPluginManager: Mounting plugin ArchVisCharacter
LogPluginManager: Mounting plugin AssetTags
LogPluginManager: Mounting plugin AudioCapture
LogPluginManager: Mounting plugin CableComponent
LogPluginManager: Mounting plugin CustomMeshComponent
LogPluginManager: Mounting plugin EditableMesh
LogPluginManager: Mounting plugin ExampleDeviceProfileSelector
LogPluginManager: Mounting plugin GoogleCloudMessaging
LogPluginManager: Mounting plugin IOSDeviceProfileSelector
LogPluginManager: Mounting plugin LinuxDeviceProfileSelector
LogPluginManager: Mounting plugin LocationServicesBPLibrary
LogPluginManager: Mounting plugin MobilePatchingUtils
LogPluginManager: Mounting plugin OculusVR
LogPluginManager: Mounting plugin PhysXVehicles
LogPluginManager: Mounting plugin PostSplashScreen
LogPluginManager: Mounting plugin ProceduralMeshComponent
LogPluginManager: Mounting plugin RuntimePhysXCooking
LogPluginManager: Mounting plugin SignificanceManager
LogPluginManager: Mounting plugin SteamVR
LogPluginManager: Mounting plugin WebMMoviePlayer
LogPluginManager: Mounting plugin WindowsMoviePlayer
LogPluginManager: Mounting plugin ScreenshotTools
LogInit: Using libcurl 7.55.1-DEV
LogInit:  - built for x86_64-pc-win32
LogInit:  - supports SSL with OpenSSL/1.1.1
LogInit:  - supports HTTP deflate (compression) using libz 1.2.8
LogInit:  - other features:
LogInit:      CURL_VERSION_SSL
LogInit:      CURL_VERSION_LIBZ
LogInit:      CURL_VERSION_IPV6
LogInit:      CURL_VERSION_ASYNCHDNS
LogInit:      CURL_VERSION_LARGEFILE
LogInit:      CURL_VERSION_IDN
LogInit:  CurlRequestOptions (configurable via config and command line):
LogInit:  - bVerifyPeer = true  - Libcurl will verify peer certificate
LogInit:  - bUseHttpProxy = false  - Libcurl will NOT use HTTP proxy
LogInit:  - bDontReuseConnections = false  - Libcurl will reuse connections
LogInit:  - MaxHostConnections = 16  - Libcurl will limit the number of connections to a host
LogInit:  - LocalHostAddr = Default
LogInit:  - BufferSize = 65536
LogOnline: OSS: Creating online subsystem instance for: NULL
LogInit: WinSock: version 1.1 (2.2), MaxSocks=32767, MaxUdp=65467
LogOnline: OSS: TryLoadSubsystemAndSetDefault: Loaded subsystem for module [NULL]
LogInit: Build: ++UE4+Release-4.24-CL-10757647
LogInit: Engine Version: 4.24.1-10757647+++UE4+Release-4.24
LogInit: Compatible Engine Version: 4.24.0-10570792+++UE4+Release-4.24
LogInit: Net CL: 10570792
LogInit: OS: Windows 10 (Release 1903) (), CPU: Intel(R) Core(TM) i7-8750H CPU @ 2.20GHz, GPU: NVIDIA GeForce GTX 1060
LogInit: Compiled (64-bit): Dec 17 2019 02:08:03
LogInit: Compiled with Visual C++: 19.16.27032.01
LogInit: Build Configuration: Development
LogInit: Branch Name: ++UE4+Release-4.24
LogInit: Command Line:  -EpicPortal -epicusername=acacia_paraiso -epicuserid=dc6cdfe94d5f40fa9d057b6ef21f733c -epiclocale=es
LogInit: Base Directory: C:/Program Files/Epic Games/UE_4.24/Engine/Binaries/Win64/
LogInit: Installed Engine Build: 1
LogDevObjectVersion: Number of dev versions registered: 25
LogDevObjectVersion:   Dev-Blueprints (B0D832E4-1F89-4F0D-ACCF-7EB736FD4AA2): 10
LogDevObjectVersion:   Dev-Build (E1C64328-A22C-4D53-A36C-8E866417BD8C): 0
LogDevObjectVersion:   Dev-Core (375EC13C-06E4-48FB-B500-84F0262A717E): 3
LogDevObjectVersion:   Dev-Editor (E4B068ED-F494-42E9-A231-DA0B2E46BB41): 37
LogDevObjectVersion:   Dev-Framework (CFFC743F-43B0-4480-9391-14DF171D2073): 36
LogDevObjectVersion:   Dev-Mobile (B02B49B5-BB20-44E9-A304-32B752E40360): 2
LogDevObjectVersion:   Dev-Networking (A4E4105C-59A1-49B5-A7C5-40C4547EDFEE): 0
LogDevObjectVersion:   Dev-Online (39C831C9-5AE6-47DC-9A44-9C173E1C8E7C): 0
LogDevObjectVersion:   Dev-Physics (78F01B33-EBEA-4F98-B9B4-84EACCB95AA2): 2
LogDevObjectVersion:   Dev-Platform (6631380F-2D4D-43E0-8009-CF276956A95A): 0
LogDevObjectVersion:   Dev-Rendering (12F88B9F-8875-4AFC-A67C-D90C383ABD29): 36
LogDevObjectVersion:   Dev-Sequencer (7B5AE74C-D270-4C10-A958-57980B212A5A): 11
LogDevObjectVersion:   Dev-VR (D7296918-1DD6-4BDD-9DE2-64A83CC13884): 2
LogDevObjectVersion:   Dev-LoadTimes (C2A15278-BFE7-4AFE-6C17-90FF531DF755): 1
LogDevObjectVersion:   Private-Geometry (6EACA3D4-40EC-4CC1-B786-8BED09428FC5): 3
LogDevObjectVersion:   Dev-AnimPhys (29E575DD-E0A3-4627-9D10-D276232CDCEA): 17
LogDevObjectVersion:   Dev-Anim (AF43A65D-7FD3-4947-9873-3E8ED9C1BB05): 2
LogDevObjectVersion:   Dev-ReflectionCapture (6B266CEC-1EC7-4B8F-A30B-E4D90942FC07): 1
LogDevObjectVersion:   Dev-Automation (0DF73D61-A23F-47EA-B727-89E90C41499A): 1
LogDevObjectVersion:   FortniteMain (601D1886-AC64-4F84-AA16-D3DE0DEAC7D6): 31
LogDevObjectVersion:   Dev-Enterprise (9DFFBCD6-494F-0158-E221-12823C92A888): 8
LogDevObjectVersion:   Dev-Niagara (F2AED0AC-9AFE-416F-8664-AA7FFA26D6FC): 1
LogDevObjectVersion:   Dev-Destruction (174F1F0B-B4C6-45A5-B13F-2EE8D0FB917D): 9
LogDevObjectVersion:   Dev-Physics-Ext (35F94A83-E258-406C-A318-09F59610247C): 8
LogDevObjectVersion:   Dev-CineCamera (B2E18506-4273-CFC2-A54E-F4BB758BBA07): 1
LogInit: Presizing for max 25165824 objects, including 0 objects not considered by GC, pre-allocating 0 bytes for permanent pool.
LogInit: Object subsystem initialized
LogConfig: Setting CVar [[con.DebugEarlyDefault:1]]
LogConfig: Setting CVar [[r.setres:1280x720]]
[2020.03.27-17.25.27:959][  0]LogConfig: Setting CVar [[r.VSync:0]]
[2020.03.27-17.25.27:959][  0]LogConfig: Setting CVar [[r.RHICmdBypass:0]]
[2020.03.27-17.25.27:959][  0]LogConfig: Applying CVar settings from Section [/Script/Engine.RendererSettings] File [D:/estudiExamen/estudiExamen/Saved/Config/Windows/Engine.ini]
[2020.03.27-17.25.27:959][  0]LogConfig: Setting CVar [[r.GPUCrashDebugging:0]]
[2020.03.27-17.25.27:959][  0]LogConfig: Applying CVar settings from Section [/Script/Engine.RendererOverrideSettings] File [D:/estudiExamen/estudiExamen/Saved/Config/Windows/Engine.ini]
[2020.03.27-17.25.27:959][  0]LogConfig: Applying CVar settings from Section [/Script/Engine.StreamingSettings] File [D:/estudiExamen/estudiExamen/Saved/Config/Windows/Engine.ini]
[2020.03.27-17.25.27:959][  0]LogConfig: Setting CVar [[s.MinBulkDataSizeForAsyncLoading:131072]]
[2020.03.27-17.25.27:959][  0]LogConfig: Setting CVar [[s.AsyncLoadingThreadEnabled:0]]
[2020.03.27-17.25.27:959][  0]LogConfig: Setting CVar [[s.EventDrivenLoaderEnabled:1]]
[2020.03.27-17.25.27:959][  0]LogConfig: Setting CVar [[s.WarnIfTimeLimitExceeded:0]]
[2020.03.27-17.25.27:959][  0]LogConfig: Setting CVar [[s.TimeLimitExceededMultiplier:1.5]]
[2020.03.27-17.25.27:959][  0]LogConfig: Setting CVar [[s.TimeLimitExceededMinTime:0.005]]
[2020.03.27-17.25.27:959][  0]LogConfig: Setting CVar [[s.UseBackgroundLevelStreaming:1]]
[2020.03.27-17.25.27:959][  0]LogConfig: Setting CVar [[s.PriorityAsyncLoadingExtraTime:15.0]]
[2020.03.27-17.25.27:959][  0]LogConfig: Setting CVar [[s.LevelStreamingActorsUpdateTimeLimit:5.0]]
[2020.03.27-17.25.27:959][  0]LogConfig: Setting CVar [[s.PriorityLevelStreamingActorsUpdateExtraTime:5.0]]
[2020.03.27-17.25.27:959][  0]LogConfig: Setting CVar [[s.LevelStreamingComponentsRegistrationGranularity:10]]
[2020.03.27-17.25.27:959][  0]LogConfig: Setting CVar [[s.UnregisterComponentsTimeLimit:1.0]]
[2020.03.27-17.25.27:959][  0]LogConfig: Setting CVar [[s.LevelStreamingComponentsUnregistrationGranularity:5]]
[2020.03.27-17.25.27:959][  0]LogConfig: Setting CVar [[s.FlushStreamingOnExit:1]]
[2020.03.27-17.25.27:959][  0]LogConfig: Applying CVar settings from Section [/Script/Engine.GarbageCollectionSettings] File [D:/estudiExamen/estudiExamen/Saved/Config/Windows/Engine.ini]
[2020.03.27-17.25.27:959][  0]LogConfig: Setting CVar [[gc.MaxObjectsNotConsideredByGC:1]]
[2020.03.27-17.25.27:959][  0]LogConfig: Setting CVar [[gc.SizeOfPermanentObjectPool:0]]
[2020.03.27-17.25.27:959][  0]LogConfig: Setting CVar [[gc.FlushStreamingOnGC:0]]
[2020.03.27-17.25.27:959][  0]LogConfig: Setting CVar [[gc.NumRetriesBeforeForcingGC:10]]
[2020.03.27-17.25.27:959][  0]LogConfig: Setting CVar [[gc.AllowParallelGC:1]]
[2020.03.27-17.25.27:959][  0]LogConfig: Setting CVar [[gc.TimeBetweenPurgingPendingKillObjects:61.1]]
[2020.03.27-17.25.27:959][  0]LogConfig: Setting CVar [[gc.MaxObjectsInEditor:25165824]]
[2020.03.27-17.25.27:959][  0]LogConfig: Setting CVar [[gc.IncrementalBeginDestroyEnabled:1]]
[2020.03.27-17.25.27:959][  0]LogConfig: Setting CVar [[gc.CreateGCClusters:1]]
[2020.03.27-17.25.27:959][  0]LogConfig: Setting CVar [[gc.MinGCClusterSize:5]]
[2020.03.27-17.25.27:959][  0]LogConfig: Setting CVar [[gc.ActorClusteringEnabled:0]]
[2020.03.27-17.25.27:959][  0]LogConfig: Setting CVar [[gc.BlueprintClusteringEnabled:0]]
[2020.03.27-17.25.27:959][  0]LogConfig: Setting CVar [[gc.UseDisregardForGCOnDedicatedServers:0]]
[2020.03.27-17.25.27:959][  0]LogConfig: Applying CVar settings from Section [/Script/Engine.NetworkSettings] File [D:/estudiExamen/estudiExamen/Saved/Config/Windows/Engine.ini]
[2020.03.27-17.25.27:959][  0]LogConfig: Applying CVar settings from Section [/Script/UnrealEd.CookerSettings] File [D:/estudiExamen/estudiExamen/Saved/Config/Windows/Engine.ini]
[2020.03.27-17.25.27:963][  0]LogConfig: Applying CVar settings from Section [ViewDistanceQuality@3] File [D:/estudiExamen/estudiExamen/Saved/Config/Windows/Scalability.ini]
[2020.03.27-17.25.27:963][  0]LogConfig: Setting CVar [[r.SkeletalMeshLODBias:0]]
[2020.03.27-17.25.27:963][  0]LogConfig: Setting CVar [[r.ViewDistanceScale:1.0]]
[2020.03.27-17.25.27:963][  0]LogConfig: Applying CVar settings from Section [AntiAliasingQuality@3] File [D:/estudiExamen/estudiExamen/Saved/Config/Windows/Scalability.ini]
[2020.03.27-17.25.27:963][  0]LogConfig: Setting CVar [[r.PostProcessAAQuality:4]]
[2020.03.27-17.25.27:963][  0]LogConfig: Applying CVar settings from Section [ShadowQuality@3] File [D:/estudiExamen/estudiExamen/Saved/Config/Windows/Scalability.ini]
[2020.03.27-17.25.27:963][  0]LogConfig: Setting CVar [[r.LightFunctionQuality:1]]
[2020.03.27-17.25.27:963][  0]LogConfig: Setting CVar [[r.ShadowQuality:5]]
[2020.03.27-17.25.27:963][  0]LogConfig: Setting CVar [[r.Shadow.CSM.MaxCascades:10]]
[2020.03.27-17.25.27:963][  0]LogConfig: Setting CVar [[r.Shadow.MaxResolution:2048]]
[2020.03.27-17.25.27:963][  0]LogConfig: Setting CVar [[r.Shadow.MaxCSMResolution:2048]]
[2020.03.27-17.25.27:963][  0]LogConfig: Setting CVar [[r.Shadow.RadiusThreshold:0.01]]
[2020.03.27-17.25.27:963][  0]LogConfig: Setting CVar [[r.Shadow.DistanceScale:1.0]]
[2020.03.27-17.25.27:963][  0]LogConfig: Setting CVar [[r.Shadow.CSM.TransitionScale:1.0]]
[2020.03.27-17.25.27:963][  0]LogConfig: Setting CVar [[r.Shadow.PreShadowResolutionFactor:1.0]]
[2020.03.27-17.25.27:963][  0]LogConfig: Setting CVar [[r.DistanceFieldShadowing:1]]
[2020.03.27-17.25.27:963][  0]LogConfig: Setting CVar [[r.DistanceFieldAO:1]]
[2020.03.27-17.25.27:963][  0]LogConfig: Setting CVar [[r.AOQuality:2]]
[2020.03.27-17.25.27:963][  0]LogConfig: Setting CVar [[r.VolumetricFog:1]]
[2020.03.27-17.25.27:963][  0]LogConfig: Setting CVar [[r.VolumetricFog.GridPixelSize:8]]
[2020.03.27-17.25.27:963][  0]LogConfig: Setting CVar [[r.VolumetricFog.GridSizeZ:128]]
[2020.03.27-17.25.27:963][  0]LogConfig: Setting CVar [[r.VolumetricFog.HistoryMissSupersampleCount:4]]
[2020.03.27-17.25.27:963][  0]LogConfig: Setting CVar [[r.LightMaxDrawDistanceScale:1]]
[2020.03.27-17.25.27:963][  0]LogConfig: Setting CVar [[r.CapsuleShadows:1]]
[2020.03.27-17.25.27:963][  0]LogConfig: Applying CVar settings from Section [PostProcessQuality@3] File [D:/estudiExamen/estudiExamen/Saved/Config/Windows/Scalability.ini]
[2020.03.27-17.25.27:963][  0]LogConfig: Setting CVar [[r.MotionBlurQuality:4]]
[2020.03.27-17.25.27:963][  0]LogConfig: Setting CVar [[r.AmbientOcclusionMipLevelFactor:0.4]]
[2020.03.27-17.25.27:963][  0]LogConfig: Setting CVar [[r.AmbientOcclusionMaxQuality:100]]
[2020.03.27-17.25.27:963][  0]LogConfig: Setting CVar [[r.AmbientOcclusionLevels:-1]]
[2020.03.27-17.25.27:963][  0]LogConfig: Setting CVar [[r.AmbientOcclusionRadiusScale:1.0]]
[2020.03.27-17.25.27:963][  0]LogConfig: Setting CVar [[r.DepthOfFieldQuality:2]]
[2020.03.27-17.25.27:963][  0]LogConfig: Setting CVar [[r.RenderTargetPoolMin:400]]
[2020.03.27-17.25.27:963][  0]LogConfig: Setting CVar [[r.LensFlareQuality:2]]
[2020.03.27-17.25.27:964][  0]LogConfig: Setting CVar [[r.SceneColorFringeQuality:1]]
[2020.03.27-17.25.27:964][  0]LogConfig: Setting CVar [[r.EyeAdaptationQuality:2]]
[2020.03.27-17.25.27:964][  0]LogConfig: Setting CVar [[r.BloomQuality:5]]
[2020.03.27-17.25.27:964][  0]LogConfig: Setting CVar [[r.FastBlurThreshold:100]]
[2020.03.27-17.25.27:964][  0]LogConfig: Setting CVar [[r.Upscale.Quality:3]]
[2020.03.27-17.25.27:964][  0]LogConfig: Setting CVar [[r.Tonemapper.GrainQuantization:1]]
[2020.03.27-17.25.27:964][  0]LogConfig: Setting CVar [[r.LightShaftQuality:1]]
[2020.03.27-17.25.27:964][  0]LogConfig: Setting CVar [[r.Filter.SizeScale:1]]
[2020.03.27-17.25.27:964][  0]LogConfig: Setting CVar [[r.Tonemapper.Quality:5]]
[2020.03.27-17.25.27:964][  0]LogConfig: Setting CVar [[r.DOF.Gather.AccumulatorQuality:1        ; higher gathering accumulator quality]]
[2020.03.27-17.25.27:964][  0]LogConfig: Setting CVar [[r.DOF.Gather.PostfilterMethod:1          ; Median3x3 postfilering method]]
[2020.03.27-17.25.27:964][  0]LogConfig: Setting CVar [[r.DOF.Gather.EnableBokehSettings:0       ; no bokeh simulation when gathering]]
[2020.03.27-17.25.27:964][  0]LogConfig: Setting CVar [[r.DOF.Gather.RingCount:4                 ; medium number of samples when gathering]]
[2020.03.27-17.25.27:964][  0]LogConfig: Setting CVar [[r.DOF.Scatter.ForegroundCompositing:1    ; additive foreground scattering]]
[2020.03.27-17.25.27:964][  0]LogConfig: Setting CVar [[r.DOF.Scatter.BackgroundCompositing:2    ; additive background scattering]]
[2020.03.27-17.25.27:964][  0]LogConfig: Setting CVar [[r.DOF.Scatter.EnableBokehSettings:1      ; bokeh simulation when scattering]]
[2020.03.27-17.25.27:964][  0]LogConfig: Setting CVar [[r.DOF.Scatter.MaxSpriteRatio:0.1         ; only a maximum of 10% of scattered bokeh]]
[2020.03.27-17.25.27:964][  0]LogConfig: Setting CVar [[r.DOF.Recombine.Quality:1                ; cheap slight out of focus]]
[2020.03.27-17.25.27:964][  0]LogConfig: Setting CVar [[r.DOF.Recombine.EnableBokehSettings:0    ; no bokeh simulation on slight out of focus]]
[2020.03.27-17.25.27:964][  0]LogConfig: Setting CVar [[r.DOF.TemporalAAQuality:1                ; more stable temporal accumulation]]
[2020.03.27-17.25.27:964][  0]LogConfig: Setting CVar [[r.DOF.Kernel.MaxForegroundRadius:0.025]]
[2020.03.27-17.25.27:964][  0]LogConfig: Setting CVar [[r.DOF.Kernel.MaxBackgroundRadius:0.025]]
[2020.03.27-17.25.27:964][  0]LogConfig: Applying CVar settings from Section [TextureQuality@3] File [D:/estudiExamen/estudiExamen/Saved/Config/Windows/Scalability.ini]
[2020.03.27-17.25.27:964][  0]LogConfig: Setting CVar [[r.Streaming.MipBias:0]]
[2020.03.27-17.25.27:964][  0]LogConfig: Setting CVar [[r.Streaming.AmortizeCPUToGPUCopy:0]]
[2020.03.27-17.25.27:964][  0]LogConfig: Setting CVar [[r.Streaming.MaxNumTexturesToStreamPerFrame:0]]
[2020.03.27-17.25.27:964][  0]LogConfig: Setting CVar [[r.Streaming.Boost:1]]
[2020.03.27-17.25.27:964][  0]LogConfig: Setting CVar [[r.MaxAnisotropy:8]]
[2020.03.27-17.25.27:964][  0]LogConfig: Setting CVar [[r.VT.MaxAnisotropy:8]]
[2020.03.27-17.25.27:964][  0]LogConfig: Setting CVar [[r.Streaming.LimitPoolSizeToVRAM:0]]
[2020.03.27-17.25.27:964][  0]LogConfig: Setting CVar [[r.Streaming.PoolSize:1000]]
[2020.03.27-17.25.27:964][  0]LogConfig: Setting CVar [[r.Streaming.MaxEffectiveScreenSize:0]]
[2020.03.27-17.25.27:964][  0]LogConfig: Applying CVar settings from Section [EffectsQuality@3] File [D:/estudiExamen/estudiExamen/Saved/Config/Windows/Scalability.ini]
[2020.03.27-17.25.27:964][  0]LogConfig: Setting CVar [[r.TranslucencyLightingVolumeDim:64]]
[2020.03.27-17.25.27:964][  0]LogConfig: Setting CVar [[r.RefractionQuality:2]]
[2020.03.27-17.25.27:964][  0]LogConfig: Setting CVar [[r.SSR.Quality:3]]
[2020.03.27-17.25.27:964][  0]LogConfig: Setting CVar [[r.SSR.HalfResSceneColor:0]]
[2020.03.27-17.25.27:964][  0]LogConfig: Setting CVar [[r.SceneColorFormat:4]]
[2020.03.27-17.25.27:964][  0]LogConfig: Setting CVar [[r.DetailMode:2]]
[2020.03.27-17.25.27:964][  0]LogConfig: Setting CVar [[r.TranslucencyVolumeBlur:1]]
[2020.03.27-17.25.27:964][  0]LogConfig: Setting CVar [[r.MaterialQualityLevel:1 ; High quality]]
[2020.03.27-17.25.27:964][  0]LogConfig: Setting CVar [[r.SSS.Scale:1]]
[2020.03.27-17.25.27:964][  0]LogConfig: Setting CVar [[r.SSS.SampleSet:2]]
[2020.03.27-17.25.27:964][  0]LogConfig: Setting CVar [[r.SSS.Quality:1]]
[2020.03.27-17.25.27:964][  0]LogConfig: Setting CVar [[r.SSS.HalfRes:1]]
[2020.03.27-17.25.27:964][  0]LogConfig: Setting CVar [[r.SSGI.Quality:3]]
[2020.03.27-17.25.27:964][  0]LogConfig: Setting CVar [[r.EmitterSpawnRateScale:1.0]]
[2020.03.27-17.25.27:964][  0]LogConfig: Setting CVar [[r.ParticleLightQuality:2]]
[2020.03.27-17.25.27:964][  0]LogConfig: Setting CVar [[r.SkyAtmosphere.AerialPerspectiveLUT.FastApplyOnOpaque:1 ; Always have FastSkyLUT 1 in this case to avoid wrong sky]]
[2020.03.27-17.25.27:964][  0]LogConfig: Setting CVar [[r.SkyAtmosphere.AerialPerspectiveLUT.SampleCountPerSlice:1]]
[2020.03.27-17.25.27:964][  0]LogConfig: Setting CVar [[r.SkyAtmosphere.AerialPerspectiveLUT.DepthResolution:16.0]]
[2020.03.27-17.25.27:964][  0]LogConfig: Setting CVar [[r.SkyAtmosphere.FastSkyLUT:1]]
[2020.03.27-17.25.27:964][  0]LogConfig: Setting CVar [[r.SkyAtmosphere.FastSkyLUT.SampleCountMin:4.0]]
[2020.03.27-17.25.27:964][  0]LogConfig: Setting CVar [[r.SkyAtmosphere.FastSkyLUT.SampleCountMax:32.0]]
[2020.03.27-17.25.27:964][  0]LogConfig: Setting CVar [[r.SkyAtmosphere.SampleCountMin:4.0]]
[2020.03.27-17.25.27:964][  0]LogConfig: Setting CVar [[r.SkyAtmosphere.SampleCountMax:32.0]]
[2020.03.27-17.25.27:964][  0]LogConfig: Setting CVar [[r.SkyAtmosphere.TransmittanceLUT.UseSmallFormat:0]]
[2020.03.27-17.25.27:964][  0]LogConfig: Setting CVar [[r.SkyAtmosphere.TransmittanceLUT.SampleCount:10.0]]
[2020.03.27-17.25.27:964][  0]LogConfig: Setting CVar [[r.SkyAtmosphere.MultiScatteringLUT.SampleCount:15.0]]
[2020.03.27-17.25.27:964][  0]LogConfig: Applying CVar settings from Section [FoliageQuality@3] File [D:/estudiExamen/estudiExamen/Saved/Config/Windows/Scalability.ini]
[2020.03.27-17.25.27:964][  0]LogConfig: Setting CVar [[foliage.DensityScale:1.0]]
[2020.03.27-17.25.27:964][  0]LogConfig: Setting CVar [[grass.DensityScale:1.0]]
[2020.03.27-17.25.27:964][  0]LogConfig: Applying CVar settings from Section [ShadingQuality@3] File [D:/estudiExamen/estudiExamen/Saved/Config/Windows/Scalability.ini]
[2020.03.27-17.25.27:964][  0]LogConfig: Setting CVar [[r.HairStrands.SkyLighting.SampleCount:16]]
[2020.03.27-17.25.27:964][  0]LogConfig: Setting CVar [[r.HairStrands.SkyLighting.JitterIntegration:0]]
[2020.03.27-17.25.27:964][  0]LogConfig: Setting CVar [[r.HairStrands.SkyAO.SampleCount:16]]
[2020.03.27-17.25.27:964][  0]LogInit: Selected Device Profile: [Windows]
[2020.03.27-17.25.27:964][  0]LogInit: Applying CVar settings loaded from the selected device profile: [Windows]
[2020.03.27-17.25.27:967][  0]LogHAL: Display: Platform has ~ 16 GB [17052819456 / 17179869184 / 16], which maps to Larger [LargestMinGB=32, LargerMinGB=12, DefaultMinGB=8, SmallerMinGB=6, SmallestMinGB=0)
[2020.03.27-17.25.27:967][  0]LogInit: Going up to parent DeviceProfile []
[2020.03.27-17.25.27:967][  0]LogConfig: Applying CVar settings from Section [ViewDistanceQuality@3] File [D:/estudiExamen/estudiExamen/Saved/Config/Windows/Scalability.ini]
[2020.03.27-17.25.27:967][  0]LogConfig: Setting CVar [[r.SkeletalMeshLODBias:0]]
[2020.03.27-17.25.27:967][  0]LogConfig: Setting CVar [[r.ViewDistanceScale:1.0]]
[2020.03.27-17.25.27:967][  0]LogConfig: Applying CVar settings from Section [AntiAliasingQuality@3] File [D:/estudiExamen/estudiExamen/Saved/Config/Windows/Scalability.ini]
[2020.03.27-17.25.27:967][  0]LogConfig: Setting CVar [[r.PostProcessAAQuality:4]]
[2020.03.27-17.25.27:967][  0]LogConfig: Applying CVar settings from Section [ShadowQuality@3] File [D:/estudiExamen/estudiExamen/Saved/Config/Windows/Scalability.ini]
[2020.03.27-17.25.27:967][  0]LogConfig: Setting CVar [[r.LightFunctionQuality:1]]
[2020.03.27-17.25.27:967][  0]LogConfig: Setting CVar [[r.ShadowQuality:5]]
[2020.03.27-17.25.27:967][  0]LogConfig: Setting CVar [[r.Shadow.CSM.MaxCascades:10]]
[2020.03.27-17.25.27:967][  0]LogConfig: Setting CVar [[r.Shadow.MaxResolution:2048]]
[2020.03.27-17.25.27:967][  0]LogConfig: Setting CVar [[r.Shadow.MaxCSMResolution:2048]]
[2020.03.27-17.25.27:967][  0]LogConfig: Setting CVar [[r.Shadow.RadiusThreshold:0.01]]
[2020.03.27-17.25.27:967][  0]LogConfig: Setting CVar [[r.Shadow.DistanceScale:1.0]]
[2020.03.27-17.25.27:967][  0]LogConfig: Setting CVar [[r.Shadow.CSM.TransitionScale:1.0]]
[2020.03.27-17.25.27:967][  0]LogConfig: Setting CVar [[r.Shadow.PreShadowResolutionFactor:1.0]]
[2020.03.27-17.25.27:967][  0]LogConfig: Setting CVar [[r.DistanceFieldShadowing:1]]
[2020.03.27-17.25.27:967][  0]LogConfig: Setting CVar [[r.DistanceFieldAO:1]]
[2020.03.27-17.25.27:967][  0]LogConfig: Setting CVar [[r.AOQuality:2]]
[2020.03.27-17.25.27:967][  0]LogConfig: Setting CVar [[r.VolumetricFog:1]]
[2020.03.27-17.25.27:967][  0]LogConfig: Setting CVar [[r.VolumetricFog.GridPixelSize:8]]
[2020.03.27-17.25.27:967][  0]LogConfig: Setting CVar [[r.VolumetricFog.GridSizeZ:128]]
[2020.03.27-17.25.27:967][  0]LogConfig: Setting CVar [[r.VolumetricFog.HistoryMissSupersampleCount:4]]
[2020.03.27-17.25.27:967][  0]LogConfig: Setting CVar [[r.LightMaxDrawDistanceScale:1]]
[2020.03.27-17.25.27:967][  0]LogConfig: Setting CVar [[r.CapsuleShadows:1]]
[2020.03.27-17.25.27:967][  0]LogConfig: Applying CVar settings from Section [PostProcessQuality@3] File [D:/estudiExamen/estudiExamen/Saved/Config/Windows/Scalability.ini]
[2020.03.27-17.25.27:967][  0]LogConfig: Setting CVar [[r.MotionBlurQuality:4]]
[2020.03.27-17.25.27:967][  0]LogConfig: Setting CVar [[r.AmbientOcclusionMipLevelFactor:0.4]]
[2020.03.27-17.25.27:967][  0]LogConfig: Setting CVar [[r.AmbientOcclusionMaxQuality:100]]
[2020.03.27-17.25.27:967][  0]LogConfig: Setting CVar [[r.AmbientOcclusionLevels:-1]]
[2020.03.27-17.25.27:967][  0]LogConfig: Setting CVar [[r.AmbientOcclusionRadiusScale:1.0]]
[2020.03.27-17.25.27:967][  0]LogConfig: Setting CVar [[r.DepthOfFieldQuality:2]]
[2020.03.27-17.25.27:967][  0]LogConfig: Setting CVar [[r.RenderTargetPoolMin:400]]
[2020.03.27-17.25.27:967][  0]LogConfig: Setting CVar [[r.LensFlareQuality:2]]
[2020.03.27-17.25.27:967][  0]LogConfig: Setting CVar [[r.SceneColorFringeQuality:1]]
[2020.03.27-17.25.27:967][  0]LogConfig: Setting CVar [[r.EyeAdaptationQuality:2]]
[2020.03.27-17.25.27:967][  0]LogConfig: Setting CVar [[r.BloomQuality:5]]
[2020.03.27-17.25.27:967][  0]LogConfig: Setting CVar [[r.FastBlurThreshold:100]]
[2020.03.27-17.25.27:967][  0]LogConfig: Setting CVar [[r.Upscale.Quality:3]]
[2020.03.27-17.25.27:967][  0]LogConfig: Setting CVar [[r.Tonemapper.GrainQuantization:1]]
[2020.03.27-17.25.27:967][  0]LogConfig: Setting CVar [[r.LightShaftQuality:1]]
[2020.03.27-17.25.27:967][  0]LogConfig: Setting CVar [[r.Filter.SizeScale:1]]
[2020.03.27-17.25.27:967][  0]LogConfig: Setting CVar [[r.Tonemapper.Quality:5]]
[2020.03.27-17.25.27:967][  0]LogConfig: Setting CVar [[r.DOF.Gather.AccumulatorQuality:1        ; higher gathering accumulator quality]]
[2020.03.27-17.25.27:967][  0]LogConfig: Setting CVar [[r.DOF.Gather.PostfilterMethod:1          ; Median3x3 postfilering method]]
[2020.03.27-17.25.27:967][  0]LogConfig: Setting CVar [[r.DOF.Gather.EnableBokehSettings:0       ; no bokeh simulation when gathering]]
[2020.03.27-17.25.27:967][  0]LogConfig: Setting CVar [[r.DOF.Gather.RingCount:4                 ; medium number of samples when gathering]]
[2020.03.27-17.25.27:967][  0]LogConfig: Setting CVar [[r.DOF.Scatter.ForegroundCompositing:1    ; additive foreground scattering]]
[2020.03.27-17.25.27:967][  0]LogConfig: Setting CVar [[r.DOF.Scatter.BackgroundCompositing:2    ; additive background scattering]]
[2020.03.27-17.25.27:967][  0]LogConfig: Setting CVar [[r.DOF.Scatter.EnableBokehSettings:1      ; bokeh simulation when scattering]]
[2020.03.27-17.25.27:967][  0]LogConfig: Setting CVar [[r.DOF.Scatter.MaxSpriteRatio:0.1         ; only a maximum of 10% of scattered bokeh]]
[2020.03.27-17.25.27:967][  0]LogConfig: Setting CVar [[r.DOF.Recombine.Quality:1                ; cheap slight out of focus]]
[2020.03.27-17.25.27:967][  0]LogConfig: Setting CVar [[r.DOF.Recombine.EnableBokehSettings:0    ; no bokeh simulation on slight out of focus]]
[2020.03.27-17.25.27:967][  0]LogConfig: Setting CVar [[r.DOF.TemporalAAQuality:1                ; more stable temporal accumulation]]
[2020.03.27-17.25.27:967][  0]LogConfig: Setting CVar [[r.DOF.Kernel.MaxForegroundRadius:0.025]]
[2020.03.27-17.25.27:967][  0]LogConfig: Setting CVar [[r.DOF.Kernel.MaxBackgroundRadius:0.025]]
[2020.03.27-17.25.27:967][  0]LogConfig: Applying CVar settings from Section [TextureQuality@3] File [D:/estudiExamen/estudiExamen/Saved/Config/Windows/Scalability.ini]
[2020.03.27-17.25.27:967][  0]LogConfig: Setting CVar [[r.Streaming.MipBias:0]]
[2020.03.27-17.25.27:967][  0]LogConfig: Setting CVar [[r.Streaming.AmortizeCPUToGPUCopy:0]]
[2020.03.27-17.25.27:967][  0]LogConfig: Setting CVar [[r.Streaming.MaxNumTexturesToStreamPerFrame:0]]
[2020.03.27-17.25.27:967][  0]LogConfig: Setting CVar [[r.Streaming.Boost:1]]
[2020.03.27-17.25.27:967][  0]LogConfig: Setting CVar [[r.MaxAnisotropy:8]]
[2020.03.27-17.25.27:967][  0]LogConfig: Setting CVar [[r.VT.MaxAnisotropy:8]]
[2020.03.27-17.25.27:967][  0]LogConfig: Setting CVar [[r.Streaming.LimitPoolSizeToVRAM:0]]
[2020.03.27-17.25.27:967][  0]LogConfig: Setting CVar [[r.Streaming.PoolSize:1000]]
[2020.03.27-17.25.27:967][  0]LogConfig: Setting CVar [[r.Streaming.MaxEffectiveScreenSize:0]]
[2020.03.27-17.25.27:967][  0]LogConfig: Applying CVar settings from Section [EffectsQuality@3] File [D:/estudiExamen/estudiExamen/Saved/Config/Windows/Scalability.ini]
[2020.03.27-17.25.27:967][  0]LogConfig: Setting CVar [[r.TranslucencyLightingVolumeDim:64]]
[2020.03.27-17.25.27:967][  0]LogConfig: Setting CVar [[r.RefractionQuality:2]]
[2020.03.27-17.25.27:967][  0]LogConfig: Setting CVar [[r.SSR.Quality:3]]
[2020.03.27-17.25.27:967][  0]LogConfig: Setting CVar [[r.SSR.HalfResSceneColor:0]]
[2020.03.27-17.25.27:967][  0]LogConfig: Setting CVar [[r.SceneColorFormat:4]]
[2020.03.27-17.25.27:967][  0]LogConfig: Setting CVar [[r.DetailMode:2]]
[2020.03.27-17.25.27:967][  0]LogConfig: Setting CVar [[r.TranslucencyVolumeBlur:1]]
[2020.03.27-17.25.27:968][  0]LogConfig: Setting CVar [[r.MaterialQualityLevel:1 ; High quality]]
[2020.03.27-17.25.27:968][  0]LogConfig: Setting CVar [[r.SSS.Scale:1]]
[2020.03.27-17.25.27:968][  0]LogConfig: Setting CVar [[r.SSS.SampleSet:2]]
[2020.03.27-17.25.27:968][  0]LogConfig: Setting CVar [[r.SSS.Quality:1]]
[2020.03.27-17.25.27:968][  0]LogConfig: Setting CVar [[r.SSS.HalfRes:1]]
[2020.03.27-17.25.27:968][  0]LogConfig: Setting CVar [[r.SSGI.Quality:3]]
[2020.03.27-17.25.27:968][  0]LogConfig: Setting CVar [[r.EmitterSpawnRateScale:1.0]]
[2020.03.27-17.25.27:968][  0]LogConfig: Setting CVar [[r.ParticleLightQuality:2]]
[2020.03.27-17.25.27:968][  0]LogConfig: Setting CVar [[r.SkyAtmosphere.AerialPerspectiveLUT.FastApplyOnOpaque:1 ; Always have FastSkyLUT 1 in this case to avoid wrong sky]]
[2020.03.27-17.25.27:968][  0]LogConfig: Setting CVar [[r.SkyAtmosphere.AerialPerspectiveLUT.SampleCountPerSlice:1]]
[2020.03.27-17.25.27:968][  0]LogConfig: Setting CVar [[r.SkyAtmosphere.AerialPerspectiveLUT.DepthResolution:16.0]]
[2020.03.27-17.25.27:968][  0]LogConfig: Setting CVar [[r.SkyAtmosphere.FastSkyLUT:1]]
[2020.03.27-17.25.27:968][  0]LogConfig: Setting CVar [[r.SkyAtmosphere.FastSkyLUT.SampleCountMin:4.0]]
[2020.03.27-17.25.27:968][  0]LogConfig: Setting CVar [[r.SkyAtmosphere.FastSkyLUT.SampleCountMax:32.0]]
[2020.03.27-17.25.27:968][  0]LogConfig: Setting CVar [[r.SkyAtmosphere.SampleCountMin:4.0]]
[2020.03.27-17.25.27:968][  0]LogConfig: Setting CVar [[r.SkyAtmosphere.SampleCountMax:32.0]]
[2020.03.27-17.25.27:968][  0]LogConfig: Setting CVar [[r.SkyAtmosphere.TransmittanceLUT.UseSmallFormat:0]]
[2020.03.27-17.25.27:968][  0]LogConfig: Setting CVar [[r.SkyAtmosphere.TransmittanceLUT.SampleCount:10.0]]
[2020.03.27-17.25.27:968][  0]LogConfig: Setting CVar [[r.SkyAtmosphere.MultiScatteringLUT.SampleCount:15.0]]
[2020.03.27-17.25.27:968][  0]LogConfig: Applying CVar settings from Section [FoliageQuality@3] File [D:/estudiExamen/estudiExamen/Saved/Config/Windows/Scalability.ini]
[2020.03.27-17.25.27:968][  0]LogConfig: Setting CVar [[foliage.DensityScale:1.0]]
[2020.03.27-17.25.27:968][  0]LogConfig: Setting CVar [[grass.DensityScale:1.0]]
[2020.03.27-17.25.27:968][  0]LogConfig: Applying CVar settings from Section [ShadingQuality@3] File [D:/estudiExamen/estudiExamen/Saved/Config/Windows/Scalability.ini]
[2020.03.27-17.25.27:968][  0]LogConfig: Setting CVar [[r.HairStrands.SkyLighting.SampleCount:16]]
[2020.03.27-17.25.27:968][  0]LogConfig: Setting CVar [[r.HairStrands.SkyLighting.JitterIntegration:0]]
[2020.03.27-17.25.27:968][  0]LogConfig: Setting CVar [[r.HairStrands.SkyAO.SampleCount:16]]
[2020.03.27-17.25.27:968][  0]LogConfig: Applying CVar settings from Section [Startup] File [../../../Engine/Config/ConsoleVariables.ini]
[2020.03.27-17.25.27:968][  0]LogConfig: Setting CVar [[net.UseAdaptiveNetUpdateFrequency:0]]
[2020.03.27-17.25.27:968][  0]LogConfig: Setting CVar [[p.chaos.AllowCreatePhysxBodies:1]]
[2020.03.27-17.25.27:968][  0]LogConfig: Applying CVar settings from Section [ConsoleVariables] File [D:/estudiExamen/estudiExamen/Saved/Config/Windows/Engine.ini]
[2020.03.27-17.25.27:968][  0]LogInit: Computer: HP-LAPTOP-GAMER
[2020.03.27-17.25.27:968][  0]LogInit: User: Gemma
[2020.03.27-17.25.27:968][  0]LogInit: CPU Page size=4096, Cores=6
[2020.03.27-17.25.27:968][  0]LogInit: High frequency timer resolution =10.000000 MHz
[2020.03.27-17.25.27:968][  0]LogMemory: Memory total: Physical=15.9GB (16GB approx)
[2020.03.27-17.25.27:968][  0]LogMemory: Platform Memory Stats for Windows
[2020.03.27-17.25.27:968][  0]LogMemory: Process Physical Memory: 104.83 MB used, 104.83 MB peak
[2020.03.27-17.25.27:968][  0]LogMemory: Process Virtual Memory: 101.62 MB used, 101.62 MB peak
[2020.03.27-17.25.27:968][  0]LogMemory: Physical Memory: 7577.91 MB used,  8684.93 MB free, 16262.84 MB total
[2020.03.27-17.25.27:968][  0]LogMemory: Virtual Memory: 5159.24 MB used,  134212568.00 MB free, 134217728.00 MB total
[2020.03.27-17.25.27:971][  0]LogWindows: WindowsPlatformFeatures enabled
[2020.03.27-17.25.27:992][  0]LogInit: Overriding language with editor language configuration option (en).
[2020.03.27-17.25.27:992][  0]LogInit: Overriding locale with editor locale configuration option (en).
[2020.03.27-17.25.28:141][  0]LogInit: Setting process to per monitor DPI aware
[2020.03.27-17.25.28:168][  0]LogSlate: New Slate User Created.  User Index 0, Is Virtual User: 0
[2020.03.27-17.25.28:168][  0]LogSlate: Slate User Registered.  User Index 0, Is Virtual User: 0
[2020.03.27-17.25.28:356][  0]LogHMD: Failed to initialize OpenVR with code 110
[2020.03.27-17.25.28:356][  0]LogD3D11RHI: D3D11 min allowed feature level: 11_0
[2020.03.27-17.25.28:356][  0]LogD3D11RHI: D3D11 max allowed feature level: 11_0
[2020.03.27-17.25.28:356][  0]LogD3D11RHI: D3D11 adapters:
[2020.03.27-17.25.28:413][  0]LogD3D11RHI:    0. 'NVIDIA GeForce GTX 1060' (Feature Level 11_0)
[2020.03.27-17.25.28:413][  0]LogD3D11RHI:       6052/0/8131 MB DedicatedVideo/DedicatedSystem/SharedSystem, Outputs:2, VendorId:0x10de
[2020.03.27-17.25.28:415][  0]LogD3D11RHI:    1. 'Microsoft Basic Render Driver' (Feature Level 11_0)
[2020.03.27-17.25.28:415][  0]LogD3D11RHI:       0/0/8131 MB DedicatedVideo/DedicatedSystem/SharedSystem, Outputs:0, VendorId:0x1414
[2020.03.27-17.25.28:415][  0]LogD3D11RHI: Chosen D3D11 Adapter: 0
[2020.03.27-17.25.28:423][  0]LogD3D11RHI: Creating new Direct3DDevice
[2020.03.27-17.25.28:423][  0]LogD3D11RHI:     GPU DeviceId: 0x1c60 (for the marketing name, search the web for "GPU Device Id")
[2020.03.27-17.25.28:423][  0]LogWindows: EnumDisplayDevices:
[2020.03.27-17.25.28:424][  0]LogWindows:    0. 'NVIDIA GeForce GTX 1060' (P:1 D:1)
[2020.03.27-17.25.28:424][  0]LogWindows:    1. 'NVIDIA GeForce GTX 1060' (P:0 D:1)
[2020.03.27-17.25.28:424][  0]LogWindows:    2. 'NVIDIA GeForce GTX 1060' (P:0 D:0)
[2020.03.27-17.25.28:424][  0]LogWindows:    3. 'NVIDIA GeForce GTX 1060' (P:0 D:0)
[2020.03.27-17.25.28:425][  0]LogWindows: DebugString: FoundDriverCount:4 
[2020.03.27-17.25.28:425][  0]LogD3D11RHI:     Adapter Name: NVIDIA GeForce GTX 1060
[2020.03.27-17.25.28:425][  0]LogD3D11RHI:   Driver Version: 430.86 (internal:26.21.14.3086, unified:430.86)
[2020.03.27-17.25.28:425][  0]LogD3D11RHI:      Driver Date: 5-22-2019
[2020.03.27-17.25.28:425][  0]LogRHI: Texture pool is 4236 MB (70% of 6052 MB)
[2020.03.27-17.25.28:464][  0]LogD3D11RHI: RHI has support for 64 bit atomics
[2020.03.27-17.25.28:464][  0]LogD3D11RHI: Async texture creation enabled
[2020.03.27-17.25.28:476][  0]LogD3D11RHI: GPU Timing Frequency: 1000.000000 (Debug: 2 1)
[2020.03.27-17.25.28:842][  0]LogTargetPlatformManager: Display: Loaded TargetPlatform 'AllDesktop'
[2020.03.27-17.25.28:868][  0]LogTargetPlatformManager: Display: Loaded TargetPlatform 'Android'
[2020.03.27-17.25.28:868][  0]LogTargetPlatformManager: Display: Loaded TargetPlatform 'Android_ASTC'
[2020.03.27-17.25.28:868][  0]LogTargetPlatformManager: Display: Loaded TargetPlatform 'Android_ATC'
[2020.03.27-17.25.28:868][  0]LogTargetPlatformManager: Display: Loaded TargetPlatform 'Android_DXT'
[2020.03.27-17.25.28:868][  0]LogTargetPlatformManager: Display: Loaded TargetPlatform 'Android_ETC1'
[2020.03.27-17.25.28:868][  0]LogTargetPlatformManager: Display: Loaded TargetPlatform 'Android_ETC1a'
[2020.03.27-17.25.28:868][  0]LogTargetPlatformManager: Display: Loaded TargetPlatform 'Android_ETC2'
[2020.03.27-17.25.28:869][  0]LogTargetPlatformManager: Display: Loaded TargetPlatform 'Android_PVRTC'
[2020.03.27-17.25.28:869][  0]LogTargetPlatformManager: Display: Loaded TargetPlatform 'AndroidClient'
[2020.03.27-17.25.28:869][  0]LogTargetPlatformManager: Display: Loaded TargetPlatform 'Android_ASTCClient'
[2020.03.27-17.25.28:869][  0]LogTargetPlatformManager: Display: Loaded TargetPlatform 'Android_ATCClient'
[2020.03.27-17.25.28:869][  0]LogTargetPlatformManager: Display: Loaded TargetPlatform 'Android_DXTClient'
[2020.03.27-17.25.28:869][  0]LogTargetPlatformManager: Display: Loaded TargetPlatform 'Android_ETC1Client'
[2020.03.27-17.25.28:869][  0]LogTargetPlatformManager: Display: Loaded TargetPlatform 'Android_ETC1aClient'
[2020.03.27-17.25.28:869][  0]LogTargetPlatformManager: Display: Loaded TargetPlatform 'Android_ETC2Client'
[2020.03.27-17.25.28:869][  0]LogTargetPlatformManager: Display: Loaded TargetPlatform 'Android_PVRTCClient'
[2020.03.27-17.25.28:869][  0]LogTargetPlatformManager: Display: Loaded TargetPlatform 'Android_Multi'
[2020.03.27-17.25.28:869][  0]LogTargetPlatformManager: Display: Loaded TargetPlatform 'Android_MultiClient'
[2020.03.27-17.25.28:889][  0]LogTargetPlatformManager: Display: Loaded TargetPlatform 'IOSClient'
[2020.03.27-17.25.28:889][  0]LogTargetPlatformManager: Display: Loaded TargetPlatform 'IOS'
[2020.03.27-17.25.28:896][  0]LogTargetPlatformManager: Display: Loaded TargetPlatform 'LinuxNoEditor'
[2020.03.27-17.25.28:902][  0]LogTargetPlatformManager: Display: Loaded TargetPlatform 'LinuxClient'
[2020.03.27-17.25.28:908][  0]LogTargetPlatformManager: Display: Loaded TargetPlatform 'LinuxServer'
[2020.03.27-17.25.28:915][  0]LogTargetPlatformManager: Display: Loaded TargetPlatform 'LinuxAArch64NoEditor'
[2020.03.27-17.25.28:921][  0]LogTargetPlatformManager: Display: Loaded TargetPlatform 'LinuxAArch64Client'
[2020.03.27-17.25.28:927][  0]LogTargetPlatformManager: Display: Loaded TargetPlatform 'LinuxAArch64Server'
[2020.03.27-17.25.28:954][  0]LogTargetPlatformManager: Display: Loaded TargetPlatform 'Lumin'
[2020.03.27-17.25.28:954][  0]LogTargetPlatformManager: Display: Loaded TargetPlatform 'LuminClient'
[2020.03.27-17.25.28:966][  0]LogTargetPlatformManager: Display: Loaded TargetPlatform 'TVOSClient'
[2020.03.27-17.25.28:966][  0]LogTargetPlatformManager: Display: Loaded TargetPlatform 'TVOS'
[2020.03.27-17.25.28:973][  0]LogTargetPlatformManager: Display: Loaded TargetPlatform 'WindowsNoEditor'
[2020.03.27-17.25.28:980][  0]LogTargetPlatformManager: Display: Loaded TargetPlatform 'Windows'
[2020.03.27-17.25.28:986][  0]LogTargetPlatformManager: Display: Loaded TargetPlatform 'WindowsClient'
[2020.03.27-17.25.28:993][  0]LogTargetPlatformManager: Display: Loaded TargetPlatform 'WindowsServer'
[2020.03.27-17.25.28:993][  0]LogTargetPlatformManager: Display: Building Assets For Windows
[2020.03.27-17.25.28:996][  0]LogAudioDebug: Display: Lib vorbis DLL was dynamically loaded.
[2020.03.27-17.25.29:022][  0]LogShaderCompilers: Guid format shader working directory is 19 characters bigger than the processId version (D:/estudiExamen/estudiExamen/Intermediate/Shaders/WorkingDirectory/288/).
[2020.03.27-17.25.29:022][  0]LogShaderCompilers: Cleaned the shader compiler working directory 'C:/Users/Gemma/AppData/Local/Temp/UnrealShaderWorkingDir/7EEECED6473864A6232FD78CF7D88967/'.
[2020.03.27-17.25.29:023][  0]LogXGEController: Cannot use XGE Controller as Incredibuild is not installed on this machine.
[2020.03.27-17.25.29:023][  0]LogShaderCompilers: Cannot use XGE Shader Compiler as Incredibuild is not installed on this machine.
[2020.03.27-17.25.29:023][  0]LogShaderCompilers: Display: Using Local Shader Compiler.
[2020.03.27-17.25.29:674][  0]LogDerivedDataCache: Display: Max Cache Size: 512 MB
[2020.03.27-17.25.29:728][  0]LogDerivedDataCache: Loaded boot cache 0.05s 78MB C:/Users/Gemma/AppData/Local/UnrealEngine/4.24/DerivedDataCache/Boot.ddc.
[2020.03.27-17.25.29:728][  0]LogDerivedDataCache: Display: Loaded Boot cache: C:/Users/Gemma/AppData/Local/UnrealEngine/4.24/DerivedDataCache/Boot.ddc
[2020.03.27-17.25.29:728][  0]LogDerivedDataCache: FDerivedDataBackendGraph:  Pak pak cache file D:/estudiExamen/estudiExamen/DerivedDataCache/DDC.ddp not found, will not use a pak cache.
[2020.03.27-17.25.29:728][  0]LogDerivedDataCache: Unable to find inner node Pak for hierarchical cache Hierarchy.
[2020.03.27-17.25.29:728][  0]LogDerivedDataCache: FDerivedDataBackendGraph:  CompressedPak pak cache file D:/estudiExamen/estudiExamen/DerivedDataCache/Compressed.ddp not found, will not use a pak cache.
[2020.03.27-17.25.29:728][  0]LogDerivedDataCache: Unable to find inner node CompressedPak for hierarchical cache Hierarchy.
[2020.03.27-17.25.29:737][  0]LogDerivedDataCache: Display: Pak cache opened for reading ../../../Engine/DerivedDataCache/Compressed.ddp.
[2020.03.27-17.25.29:737][  0]LogDerivedDataCache: FDerivedDataBackendGraph:  EnterprisePak pak cache file ../../../Enterprise/DerivedDataCache/Compressed.ddp not found, will not use a pak cache.
[2020.03.27-17.25.29:737][  0]LogDerivedDataCache: Unable to find inner node EnterprisePak for hierarchical cache Hierarchy.
[2020.03.27-17.25.29:739][  0]LogDerivedDataCache: Using Local data cache path C:/Users/Gemma/AppData/Local/UnrealEngine/Common/DerivedDataCache: Writable
[2020.03.27-17.25.29:739][  0]LogDerivedDataCache: Shared data cache path not found in *engine.ini, will not use an Shared cache.
[2020.03.27-17.25.29:739][  0]LogDerivedDataCache: Unable to find inner node Shared for hierarchical cache Hierarchy.
[2020.03.27-17.25.29:760][  0]LogMaterial: Verifying Global Shaders for PCD3D_SM5
[2020.03.27-17.25.29:762][  0]LogSlate: Using FreeType 2.10.0
[2020.03.27-17.25.29:763][  0]LogSlate: SlateFontServices - WITH_FREETYPE: 1, WITH_HARFBUZZ: 1
[2020.03.27-17.25.29:822][  0]LogAssetRegistry: FAssetRegistry took 0.0021 seconds to start up
[2020.03.27-17.25.30:101][  0]LogInit: Selected Device Profile: [Windows]
[2020.03.27-17.25.30:262][  0]LogMeshReduction: Using QuadricMeshReduction for automatic static mesh reduction
[2020.03.27-17.25.30:262][  0]LogMeshReduction: Using SimplygonMeshReduction for automatic skeletal mesh reduction
[2020.03.27-17.25.30:262][  0]LogMeshReduction: Using ProxyLODMeshReduction for automatic mesh merging
[2020.03.27-17.25.30:262][  0]LogMeshReduction: No distributed automatic mesh merging module available
[2020.03.27-17.25.30:262][  0]LogMeshMerging: No distributed automatic mesh merging module available
[2020.03.27-17.25.30:275][  0]LogNetVersion: estudiExamen 1.0.0, NetCL: 10570792, EngineNetVer: 13, GameNetVer: 0 (Checksum: 3371390863)
[2020.03.27-17.25.31:455][  0]LogPackageLocalizationCache: Processed 10 localized package path(s) for 1 prioritized culture(s) in 0.126987 seconds
[2020.03.27-17.25.31:463][  0]LogUObjectArray: 46750 objects as part of root set at end of initial load.
[2020.03.27-17.25.31:463][  0]LogUObjectAllocator: 8137160 out of 0 bytes used by permanent object pool.
[2020.03.27-17.25.31:463][  0]LogUObjectArray: CloseDisregardForGC: 0/0 objects in disregard for GC pool
[2020.03.27-17.25.31:865][  0]LogTcpMessaging: Initializing TcpMessaging bridge
[2020.03.27-17.25.31:888][  0]LogUdpMessaging: Initializing bridge on interface 0.0.0.0:0 to multicast group 230.0.0.1:6666.
[2020.03.27-17.25.31:938][  0]SourceControl: Source control is disabled
[2020.03.27-17.25.31:938][  0]SourceControl: Source control is disabled
[2020.03.27-17.25.31:940][  0]SourceControl: Source control is disabled
[2020.03.27-17.25.31:941][  0]SourceControl: Source control is disabled
[2020.03.27-17.25.31:941][  0]SourceControl: Source control is disabled
[2020.03.27-17.25.32:051][  0]LogAndroidPermission: UAndroidPermissionCallbackProxy::GetInstance
[2020.03.27-17.25.32:063][  0]LogAudioCaptureCore: Display: No Audio Capture implementations found. Audio input will be silent.
[2020.03.27-17.25.32:063][  0]LogAudioCaptureCore: Display: No Audio Capture implementations found. Audio input will be silent.
[2020.03.27-17.25.32:145][  0]LogOcInput: OculusInput pre-init called
[2020.03.27-17.25.32:153][  0]LogWindows: Failed to load 'OVRPlugin.dll' (GetLastError=126)
[2020.03.27-17.25.32:153][  0]LogWindows: File 'OVRPlugin.dll' does not exist
[2020.03.27-17.25.32:215][  0]LogEngine: Initializing Engine...
[2020.03.27-17.25.32:216][  0]LogHMD: Failed to initialize OpenVR with code 110
[2020.03.27-17.25.32:217][  0]LogStats: UGameplayTagsManager::InitializeManager -  0.000 s
[2020.03.27-17.25.32:536][  0]LogInit: Initializing FReadOnlyCVARCache
[2020.03.27-17.25.32:543][  0]LogAIModule: Creating AISystem for world Untitled
[2020.03.27-17.25.32:550][  0]LogAudioMixer: Display: Audio Mixer Platform Settings:
[2020.03.27-17.25.32:550][  0]LogAudioMixer: Display: 	Sample Rate:						  48000
[2020.03.27-17.25.32:550][  0]LogAudioMixer: Display: 	Callback Buffer Frame Size Requested: 1024
[2020.03.27-17.25.32:550][  0]LogAudioMixer: Display: 	Callback Buffer Frame Size To Use:	  1024
[2020.03.27-17.25.32:550][  0]LogAudioMixer: Display: 	Number of buffers to queue:			  2
[2020.03.27-17.25.32:550][  0]LogAudioMixer: Display: 	Max Channels (voices):				  32
[2020.03.27-17.25.32:550][  0]LogAudioMixer: Display: 	Number of Async Source Workers:		  0
[2020.03.27-17.25.32:550][  0]LogAudio: Display: AudioDevice MaxSources: 32
[2020.03.27-17.25.32:550][  0]LogAudio: Display: Using built-in audio occlusion.
[2020.03.27-17.25.32:550][  0]LogAudioMixer: Display: Initializing audio mixer.
[2020.03.27-17.25.32:563][  0]LogAudioMixer: Display: Audio Device Output Speaker Info:
[2020.03.27-17.25.32:563][  0]LogAudioMixer: Display: Name: Speaker / Headphone (Realtek(R) Audio)
[2020.03.27-17.25.32:563][  0]LogAudioMixer: Display: Is Default: Yes
[2020.03.27-17.25.32:563][  0]LogAudioMixer: Display: Sample Rate: 48000
[2020.03.27-17.25.32:563][  0]LogAudioMixer: Display: Channel Count Used: 2
[2020.03.27-17.25.32:563][  0]LogAudioMixer: Display: Device Channel Count: 2
[2020.03.27-17.25.32:563][  0]LogAudioMixer: Display: Channel Order:
[2020.03.27-17.25.32:563][  0]LogAudioMixer: Display: 0: FrontLeft
[2020.03.27-17.25.32:563][  0]LogAudioMixer: Display: 1: FrontRight
[2020.03.27-17.25.32:602][  0]LogAudioMixer: Display: Using Audio Device Speaker / Headphone (Realtek(R) Audio)
[2020.03.27-17.25.32:607][  0]LogInit: FAudioDevice initialized.
[2020.03.27-17.25.32:607][  0]LogNetVersion: Set ProjectVersion to 1.0.0.0. Version Checksum will be recalculated on next use.
[2020.03.27-17.25.32:744][  0]LogDerivedDataCache: Saved boot cache 0.14s 78MB C:/Users/Gemma/AppData/Local/UnrealEngine/4.24/DerivedDataCache/Boot.ddc.
[2020.03.27-17.25.32:744][  0]LogInit: Texture streaming: Enabled
[2020.03.27-17.25.32:755][  0]LogEngineSessionManager: EngineSessionManager initialized
[2020.03.27-17.25.32:755][  0]LogEditorSessionSummary: Verbose: Initializing EditorSessionSummaryWriter for editor session tracking
[2020.03.27-17.25.32:761][  0]LogEditorSessionSummary: EditorSessionSummaryWriter initialized
[2020.03.27-17.25.32:774][  0]LogInit: Transaction tracking system initialized
[2020.03.27-17.25.32:784][  0]BlueprintLog: New page: Editor Load
[2020.03.27-17.25.32:837][  0]LocalizationService: Localization service is disabled
[2020.03.27-17.25.33:119][  0]LogFileCache: Scanning file cache for directory 'D:/estudiExamen/estudiExamen/Content/' took 0.00s
[2020.03.27-17.25.33:119][  0]LogCook: Display: Max memory allowance for cook 16384mb min free memory 0mb
[2020.03.27-17.25.33:119][  0]LogCook: Display: Mobile HDR setting 1
[2020.03.27-17.25.33:906][  0]SourceControl: Source control is disabled
[2020.03.27-17.25.33:906][  0]Cmd: MAP LOAD FILE="../../../Engine/Content/Maps/Templates/Template_Default.umap" TEMPLATE=1 SHOWPROGRESS=1 FEATURELEVEL=3
[2020.03.27-17.25.33:906][  0]LightingResults: New page: Lighting Build
[2020.03.27-17.25.33:907][  0]LogWorld: UWorld::CleanupWorld for Untitled, bSessionEnded=true, bCleanupResources=true
[2020.03.27-17.25.33:907][  0]LogSlate: InvalidateAllWidgets triggered.  All widgets were invalidated
[2020.03.27-17.25.33:907][  0]MapCheck: New page: Map Check
[2020.03.27-17.25.33:907][  0]LightingResults: New page: Lighting Build
[2020.03.27-17.25.33:934][  0]LogUObjectHash: Compacting FUObjectHashTables data took   1.44ms
[2020.03.27-17.25.34:000][  0]LogAIModule: Creating AISystem for world Untitled_1
[2020.03.27-17.25.34:003][  0]LogEditorServer: Finished looking for orphan Actors (0.000 secs)
[2020.03.27-17.25.34:030][  0]LogUObjectHash: Compacting FUObjectHashTables data took   1.74ms
[2020.03.27-17.25.34:030][  0]Cmd: MAP CHECKDEP NOCLEARLOG
[2020.03.27-17.25.34:031][  0]MapCheck: Map check complete: 0 Error(s), 0 Warning(s), took 0.074ms to complete.
[2020.03.27-17.25.34:031][  0]LogFileHelpers: Loading map 'Template_Default' took 0.126
[2020.03.27-17.25.34:181][  0]LogCollectionManager: Loaded 0 collections in 0.001542 seconds
[2020.03.27-17.25.34:197][  0]LogFileCache: Scanning file cache for directory 'D:/estudiExamen/estudiExamen/Saved/Collections/' took 0.00s
[2020.03.27-17.25.34:197][  0]LogFileCache: Scanning file cache for directory 'D:/estudiExamen/estudiExamen/Content/Developers/Gemma/Collections/' took 0.00s
[2020.03.27-17.25.34:197][  0]LogFileCache: Scanning file cache for directory 'D:/estudiExamen/estudiExamen/Content/Collections/' took 0.00s
[2020.03.27-17.25.34:197][  0]LogContentBrowser: Native class hierarchy populated in 0.0076 seconds. Added 3017 classes and 720 folders.
[2020.03.27-17.25.34:203][  0]LogContentBrowser: Native class hierarchy updated for 'WidgetCarousel' in 0.0002 seconds. Added 0 classes and 0 folders.
[2020.03.27-17.25.34:268][  0]LogContentBrowser: Native class hierarchy updated for 'AddContentDialog' in 0.0005 seconds. Added 0 classes and 0 folders.
[2020.03.27-17.25.34:314][  0]LogSlate: Updating window title bar state: overlay mode, drag disabled, window buttons hidden, title bar hidden
[2020.03.27-17.25.34:325][  0]LogSlate: Updating window title bar state: overlay mode, drag disabled, window buttons hidden, title bar hidden
[2020.03.27-17.25.34:333][  0]LogSlate: Updating window title bar state: overlay mode, drag disabled, window buttons hidden, title bar hidden
[2020.03.27-17.25.34:340][  0]LogSlate: Updating window title bar state: overlay mode, drag disabled, window buttons hidden, title bar hidden
[2020.03.27-17.25.34:485][  0]LogSlate: Took 0.000555 seconds to synchronously load lazily loaded font '../../../Engine/Content/Slate/Fonts/Roboto-Regular.ttf' (155K)
[2020.03.27-17.25.34:492][  0]LogSlate: Took 0.003967 seconds to synchronously load lazily loaded font '../../../Engine/Content/Editor/Slate/Fonts/FontAwesome.ttf' (139K)
[2020.03.27-17.25.34:492][  0]LogSlate: Took 0.000221 seconds to synchronously load lazily loaded font '../../../Engine/Content/Slate/Fonts/Roboto-Bold.ttf' (160K)
[2020.03.27-17.25.34:564][  0]LogRenderer: Reallocating scene render targets to support 448x648 Format 10 NumSamples 1 (Frame:1).
[2020.03.27-17.25.34:639][  0]LogContentBrowser: Native class hierarchy updated for 'HierarchicalLODOutliner' in 0.0002 seconds. Added 0 classes and 0 folders.
[2020.03.27-17.25.34:639][  0]LogLoad: (Engine Initialization) Total time: 8.02 seconds
[2020.03.27-17.25.34:639][  0]LogLoad: (Engine Initialization) Total Blueprint compile time: 0.00 seconds
[2020.03.27-17.25.34:706][  0]LogContentStreaming: Texture pool size now 1000 MB
[2020.03.27-17.25.35:584][ 98]LogAssetRegistry: Asset discovery search completed in 5.7636 seconds
[2020.03.27-17.25.35:587][ 98]LogCollectionManager: Fixed up redirectors for 0 collections in 0.000007 seconds (updated 0 objects)
[2020.03.27-17.26.22:071][  2]LogRenderer: Reallocating scene render targets to support 452x648 Format 10 NumSamples 1 (Frame:875).
[2020.03.27-17.26.22:098][  3]LogRenderer: Reallocating scene render targets to support 464x648 Format 10 NumSamples 1 (Frame:877).
[2020.03.27-17.26.22:129][  4]LogRenderer: Reallocating scene render targets to support 500x648 Format 10 NumSamples 1 (Frame:879).
[2020.03.27-17.26.22:160][  5]LogRenderer: Reallocating scene render targets to support 556x648 Format 10 NumSamples 1 (Frame:881).
[2020.03.27-17.26.22:190][  6]LogRenderer: Reallocating scene render targets to support 604x648 Format 10 NumSamples 1 (Frame:883).
[2020.03.27-17.26.22:224][  7]LogRenderer: Reallocating scene render targets to support 636x648 Format 10 NumSamples 1 (Frame:885).
[2020.03.27-17.26.22:251][  8]LogRenderer: Reallocating scene render targets to support 680x648 Format 10 NumSamples 1 (Frame:887).
[2020.03.27-17.26.22:277][  9]LogRenderer: Reallocating scene render targets to support 696x648 Format 10 NumSamples 1 (Frame:889).
[2020.03.27-17.26.22:303][ 10]LogRenderer: Reallocating scene render targets to support 712x648 Format 10 NumSamples 1 (Frame:891).
[2020.03.27-17.26.22:330][ 11]LogRenderer: Reallocating scene render targets to support 736x648 Format 10 NumSamples 1 (Frame:893).
[2020.03.27-17.26.22:354][ 12]LogRenderer: Reallocating scene render targets to support 764x648 Format 10 NumSamples 1 (Frame:895).
[2020.03.27-17.26.22:379][ 13]LogRenderer: Reallocating scene render targets to support 784x648 Format 10 NumSamples 1 (Frame:897).
[2020.03.27-17.26.22:405][ 14]LogRenderer: Reallocating scene render targets to support 800x648 Format 10 NumSamples 1 (Frame:899).
[2020.03.27-17.26.22:431][ 15]LogRenderer: Reallocating scene render targets to support 812x648 Format 10 NumSamples 1 (Frame:901).
[2020.03.27-17.26.22:458][ 16]LogRenderer: Reallocating scene render targets to support 816x648 Format 10 NumSamples 1 (Frame:903).
[2020.03.27-17.26.22:482][ 17]LogRenderer: Reallocating scene render targets to support 820x648 Format 10 NumSamples 1 (Frame:905).
[2020.03.27-17.26.23:620][151]LogRenderer: Reallocating scene render targets to support 824x648 Format 10 NumSamples 1 (Frame:909).
[2020.03.27-17.26.23:648][152]LogRenderer: Reallocating scene render targets to support 828x648 Format 10 NumSamples 1 (Frame:911).
[2020.03.27-17.26.23:675][153]LogRenderer: Reallocating scene render targets to support 840x648 Format 10 NumSamples 1 (Frame:913).
[2020.03.27-17.26.23:704][154]LogRenderer: Reallocating scene render targets to support 848x648 Format 10 NumSamples 1 (Frame:915).
[2020.03.27-17.26.23:770][158]LogRenderer: Reallocating scene render targets to support 852x648 Format 10 NumSamples 1 (Frame:919).
[2020.03.27-17.26.23:800][159]LogRenderer: Reallocating scene render targets to support 856x648 Format 10 NumSamples 1 (Frame:921).
[2020.03.27-17.26.23:829][160]LogRenderer: Reallocating scene render targets to support 860x648 Format 10 NumSamples 1 (Frame:923).
[2020.03.27-17.26.23:923][166]LogRenderer: Reallocating scene render targets to support 864x648 Format 10 NumSamples 1 (Frame:929).
[2020.03.27-17.29.58:093][ 95]LogSlate: Took 0.000274 seconds to synchronously load lazily loaded font '../../../Engine/Content/Slate/Fonts/Roboto-Light.ttf' (167K)
[2020.03.27-17.30.24:996][883]LogSlate: Window 'Save Level As' being destroyed
[2020.03.27-17.30.25:011][883]LogSlate: Took 0.000289 seconds to synchronously load lazily loaded font '../../../Engine/Content/Slate/Fonts/Roboto-Light.ttf' (167K)
[2020.03.27-17.30.25:030][883]Cmd: OBJ SAVEPACKAGE PACKAGE="/Game/Maps/LetsCreateMap" FILE="D:/estudiExamen/estudiExamen/Content/Maps/LetsCreateMap.umap" SILENT=true AUTOSAVING=false KEEPDIRTY=false
[2020.03.27-17.30.25:057][883]LogUObjectHash: Compacting FUObjectHashTables data took   0.72ms
[2020.03.27-17.30.25:069][883]LogSavePackage: Moving 'D:/estudiExamen/estudiExamen/Saved/LetsCreateMap3B6A55A94974BC2875D188AD6F6484DE.tmp' to 'D:/estudiExamen/estudiExamen/Content/Maps/LetsCreateMap.umap'
[2020.03.27-17.30.25:078][883]Cmd: OBJ SAVEPACKAGE PACKAGE="/Game/Maps/LetsCreateMap_BuiltData" FILE="D:/estudiExamen/estudiExamen/Content/Maps/LetsCreateMap_BuiltData.uasset" SILENT=true
[2020.03.27-17.30.25:086][883]LogSavePackage: Moving 'D:/estudiExamen/estudiExamen/Saved/LetsCreateMap_BuiltData859712224FD159DA54D82CBCE98A66E7.tmp' to 'D:/estudiExamen/estudiExamen/Content/Maps/LetsCreateMap_BuiltData.uasset'
[2020.03.27-17.30.25:097][883]LogFileHelpers: Saving map 'LetsCreateMap' took 0.090
[2020.03.27-17.30.25:103][883]AssetCheck: New page: Asset Save: multiple assets
[2020.03.27-17.30.25:103][883]LogContentValidation: Display: Validating World /Game/Maps/LetsCreateMap.LetsCreateMap
[2020.03.27-17.30.25:103][883]LogContentValidation: Display: Validating MapBuildDataRegistry /Game/Maps/LetsCreateMap_BuiltData.LetsCreateMap_BuiltData
[2020.03.27-17.30.30:417][510]LogObjectTools: Deleting 1 worlds: /Game/Blueprints/NewWorld.NewWorld
[2020.03.27-17.30.30:417][510]LogObjectTools: Currently 1 active worlds: /Game/Maps/LetsCreateMap.LetsCreateMap
[2020.03.27-17.30.30:445][510]LogUObjectHash: Compacting FUObjectHashTables data took   1.25ms
[2020.03.27-17.30.31:516][510]LogSlate: Window 'Delete Assets' being destroyed
[2020.03.27-17.30.31:530][510]LogWorld: UWorld::CleanupWorld for NewWorld, bSessionEnded=true, bCleanupResources=true
[2020.03.27-17.30.31:530][510]LogSlate: InvalidateAllWidgets triggered.  All widgets were invalidated
[2020.03.27-17.30.31:593][510]LogUObjectHash: Compacting FUObjectHashTables data took   0.57ms
[2020.03.27-17.30.39:559][669]LogSlate: Window 'Pick Parent Class' being destroyed
[2020.03.27-17.30.51:840][136]LogAssetEditorSubsystem: Opening Asset editor for Blueprint /Game/Blueprints/FPSController.FPSController
[2020.03.27-17.30.52:008][136]LogContentBrowser: Native class hierarchy updated for 'BlueprintGraph' in 0.0009 seconds. Added 121 classes and 0 folders.
[2020.03.27-17.30.52:814][136]LogRenderer: Reallocating scene render targets to support 948x648 Format 10 NumSamples 1 (Frame:1).
[2020.03.27-17.30.53:855][250]LogSlate: Window 'FPSController' being destroyed
[2020.03.27-17.30.56:605][572]LogUObjectHash: Compacting FUObjectHashTables data took   2.72ms
[2020.03.27-17.30.56:625][572]Cmd: OBJ SAVEPACKAGE PACKAGE="/Game/Blueprints/FPSController" FILE="D:/estudiExamen/estudiExamen/Content/Blueprints/FPSController.uasset" SILENT=true
[2020.03.27-17.30.56:630][572]LogSavePackage: Moving 'D:/estudiExamen/estudiExamen/Saved/FPSController78F700494CA042463887A8BBE1A33527.tmp' to 'D:/estudiExamen/estudiExamen/Content/Blueprints/FPSController.uasset'
[2020.03.27-17.30.56:649][572]AssetCheck: New page: Asset Save: FPSController
[2020.03.27-17.30.56:649][572]LogContentValidation: Display: Validating Blueprint /Game/Blueprints/FPSController.FPSController
[2020.03.27-17.30.56:713][579]LogSlate: Took 0.003885 seconds to synchronously load lazily loaded font '../../../Engine/Content/Slate/Fonts/Roboto-Italic.ttf' (157K)
[2020.03.27-17.40.13:455][163]LogUObjectHash: Compacting FUObjectHashTables data took   2.94ms
[2020.03.27-17.40.13:456][163]LogFileHelpers: Editor autosave (incl. sublevels) for '/Game/Maps/LetsCreateMap' took 0.034
[2020.03.27-17.40.13:457][163]OBJ SavePackage: Generating thumbnails for [0] asset(s) in package [/Game/Blueprints/FPSController] ([1] browsable assets)...
[2020.03.27-17.40.13:457][163]OBJ SavePackage: Finished generating thumbnails for package [/Game/Blueprints/FPSController]
[2020.03.27-17.40.13:457][163]Cmd: OBJ SAVEPACKAGE PACKAGE="/Game/Blueprints/FPSController" FILE="D:/estudiExamen/estudiExamen/Saved/Autosaves/Game/Blueprints/FPSController_Auto1.uasset" SILENT=false AUTOSAVING=true
[2020.03.27-17.40.13:468][163]LogSavePackage: Moving 'D:/estudiExamen/estudiExamen/Saved/FPSController_Auto1E99AF1AE40F701E74AA84FAE31449657.tmp' to 'D:/estudiExamen/estudiExamen/Saved/Autosaves/Game/Blueprints/FPSController_Auto1.uasset'
[2020.03.27-17.40.13:472][163]LogFileHelpers: Auto-saving content packages took 0.017
[2020.03.27-17.42.14:955][288]BlueprintLog: New page: Compile FPSController
[2020.03.27-17.42.15:120][288]LogUObjectHash: Compacting FUObjectHashTables data took   2.85ms
[2020.03.27-17.42.15:932][380]Cmd: OBJ SAVEPACKAGE PACKAGE="/Game/Blueprints/FPSController" FILE="D:/estudiExamen/estudiExamen/Content/Blueprints/FPSController.uasset" SILENT=true
[2020.03.27-17.42.15:937][380]LogSavePackage: Moving 'D:/estudiExamen/estudiExamen/Saved/FPSController7E927C5B41E65DE23D40EA83FF65B7A7.tmp' to 'D:/estudiExamen/estudiExamen/Content/Blueprints/FPSController.uasset'
[2020.03.27-17.42.15:952][380]AssetCheck: New page: Asset Save: FPSController
[2020.03.27-17.42.15:952][380]LogContentValidation: Display: Validating Blueprint /Game/Blueprints/FPSController.FPSController
[2020.03.27-17.42.28:725][478]LogSlate: Window 'Pick Parent Class' being destroyed
[2020.03.27-17.42.48:492][845]LogAssetEditorSubsystem: Opening Asset editor for Blueprint /Game/Blueprints/FPSGameMode.FPSGameMode
[2020.03.27-17.43.17:314][243]LogSlate: Prevented a slow task dialog from being summoned while a context menu was open
[2020.03.27-17.44.02:462][459]BlueprintLog: New page: Compile FPSGameMode
[2020.03.27-17.44.02:629][459]LogUObjectHash: Compacting FUObjectHashTables data took   3.00ms
[2020.03.27-17.44.03:393][549]BlueprintLog: New page: Compile FPSGameMode
[2020.03.27-17.44.03:558][549]LogUObjectHash: Compacting FUObjectHashTables data took   2.58ms
[2020.03.27-17.44.30:579][116]LogSlate: Prevented a slow task dialog from being summoned while a context menu was open
[2020.03.27-17.44.39:345][160]LogSlate: Window 'Project Settings' being destroyed
[2020.03.27-17.44.39:349][160]LogSlate: Window 'Project Settings' being destroyed
[2020.03.27-17.44.42:895][572]LogTemp: Repeating last play command: Selected Viewport
[2020.03.27-17.44.42:904][572]LogPlayLevel: PlayLevel: No blueprints needed recompiling
[2020.03.27-17.44.42:905][572]PIE: New page: PIE session: LetsCreateMap (Mar 27, 2020, 7:44:42 PM)
[2020.03.27-17.44.42:906][572]LogOnline: OSS: Creating online subsystem instance for: NULL
[2020.03.27-17.44.42:907][572]LogOnline: OSS: TryLoadSubsystemAndSetDefault: Loaded subsystem for module [NULL]
[2020.03.27-17.44.42:907][572]LogPlayLevel: Creating play world package: /Game/Maps/UEDPIE_0_LetsCreateMap
[2020.03.27-17.44.42:909][572]LogPlayLevel: PIE: StaticDuplicateObject took: (0.001911s)
[2020.03.27-17.44.42:913][572]LogAIModule: Creating AISystem for world LetsCreateMap
[2020.03.27-17.44.42:913][572]LogPlayLevel: PIE: World Init took: (0.003760s)
[2020.03.27-17.44.42:913][572]LogPlayLevel: PIE: Created PIE world by copying editor world from /Game/Maps/LetsCreateMap.LetsCreateMap to /Game/Maps/UEDPIE_0_LetsCreateMap.LetsCreateMap (0.005840s)
[2020.03.27-17.44.42:961][572]LogUObjectHash: Compacting FUObjectHashTables data took   3.72ms
[2020.03.27-17.44.42:963][572]LogAudioMixer: Display: Audio Mixer Platform Settings:
[2020.03.27-17.44.42:963][572]LogAudioMixer: Display: 	Sample Rate:						  48000
[2020.03.27-17.44.42:963][572]LogAudioMixer: Display: 	Callback Buffer Frame Size Requested: 1024
[2020.03.27-17.44.42:963][572]LogAudioMixer: Display: 	Callback Buffer Frame Size To Use:	  1024
[2020.03.27-17.44.42:963][572]LogAudioMixer: Display: 	Number of buffers to queue:			  2
[2020.03.27-17.44.42:963][572]LogAudioMixer: Display: 	Max Channels (voices):				  32
[2020.03.27-17.44.42:963][572]LogAudioMixer: Display: 	Number of Async Source Workers:		  0
[2020.03.27-17.44.42:963][572]LogAudio: Display: AudioDevice MaxSources: 32
[2020.03.27-17.44.42:964][572]LogAudio: Display: Using built-in audio occlusion.
[2020.03.27-17.44.42:964][572]LogAudioMixer: Display: Initializing audio mixer.
[2020.03.27-17.44.42:974][572]LogAudioMixer: Display: Audio Device Output Speaker Info:
[2020.03.27-17.44.42:974][572]LogAudioMixer: Display: Name: Speaker / Headphone (Realtek(R) Audio)
[2020.03.27-17.44.42:974][572]LogAudioMixer: Display: Is Default: Yes
[2020.03.27-17.44.42:974][572]LogAudioMixer: Display: Sample Rate: 48000
[2020.03.27-17.44.42:974][572]LogAudioMixer: Display: Channel Count Used: 2
[2020.03.27-17.44.42:974][572]LogAudioMixer: Display: Device Channel Count: 2
[2020.03.27-17.44.42:974][572]LogAudioMixer: Display: Channel Order:
[2020.03.27-17.44.42:974][572]LogAudioMixer: Display: 0: FrontLeft
[2020.03.27-17.44.42:974][572]LogAudioMixer: Display: 1: FrontRight
[2020.03.27-17.44.43:007][572]LogAudioMixer: Display: Using Audio Device Speaker / Headphone (Realtek(R) Audio)
[2020.03.27-17.44.43:009][572]LogInit: FAudioDevice initialized.
[2020.03.27-17.44.43:019][572]LogLoad: Game class is 'FPSGameMode_C'
[2020.03.27-17.44.43:020][572]LogWorld: Bringing World /Game/Maps/UEDPIE_0_LetsCreateMap.LetsCreateMap up for play (max tick rate 0) at 2020.03.27-18.44.43
[2020.03.27-17.44.43:020][572]LogWorld: Bringing up level for play took: 0.000408
[2020.03.27-17.44.43:020][572]LogOnline: OSS: Creating online subsystem instance for: :Context_5
[2020.03.27-17.44.43:025][572]LogContentBrowser: Native class hierarchy updated for 'MovieSceneCapture' in 0.0003 seconds. Added 20 classes and 0 folders.
[2020.03.27-17.44.43:026][572]PIE: Play in editor start time for /Game/Maps/UEDPIE_0_LetsCreateMap 1.021
[2020.03.27-17.44.45:783][870]LogAudioMixer: Display: No commands were queued while flushing the source manager.
[2020.03.27-17.44.45:783][870]LogAudioMixer: Display: No commands were queued while flushing the source manager.
[2020.03.27-17.44.45:783][870]LogSlate: Updating window title bar state: overlay mode, drag disabled, window buttons hidden, title bar hidden
[2020.03.27-17.44.45:783][870]LogWorld: BeginTearingDown for /Game/Maps/UEDPIE_0_LetsCreateMap
[2020.03.27-17.44.45:783][870]LogAudioMixer: Display: No commands were queued while flushing the source manager.
[2020.03.27-17.44.45:784][870]LogWorld: UWorld::CleanupWorld for LetsCreateMap, bSessionEnded=true, bCleanupResources=true
[2020.03.27-17.44.45:784][870]LogSlate: InvalidateAllWidgets triggered.  All widgets were invalidated
[2020.03.27-17.44.45:793][870]LogPlayLevel: Display: Shutting down PIE online subsystems
[2020.03.27-17.44.45:799][870]LogSlate: InvalidateAllWidgets triggered.  All widgets were invalidated
[2020.03.27-17.44.45:829][870]LogAudioMixer: Display: No commands were queued while flushing the source manager.
[2020.03.27-17.44.45:834][870]LogSlate: Updating window title bar state: overlay mode, drag disabled, window buttons hidden, title bar hidden
[2020.03.27-17.44.45:866][870]LogUObjectHash: Compacting FUObjectHashTables data took   3.83ms
[2020.03.27-17.44.45:900][872]LogPlayLevel: Display: Destroying online subsystem :Context_5
[2020.03.27-17.44.49:724][318]LogUObjectHash: Compacting FUObjectHashTables data took   2.47ms
[2020.03.27-17.44.49:742][318]Cmd: OBJ SAVEPACKAGE PACKAGE="/Game/Blueprints/FPSGameMode" FILE="D:/estudiExamen/estudiExamen/Content/Blueprints/FPSGameMode.uasset" SILENT=true
[2020.03.27-17.44.49:746][318]LogSavePackage: Moving 'D:/estudiExamen/estudiExamen/Saved/FPSGameMode5D7120F0463A2EB48DE743B519D90EE9.tmp' to 'D:/estudiExamen/estudiExamen/Content/Blueprints/FPSGameMode.uasset'
[2020.03.27-17.44.49:762][318]AssetCheck: New page: Asset Save: FPSGameMode
[2020.03.27-17.44.49:762][318]LogContentValidation: Display: Validating Blueprint /Game/Blueprints/FPSGameMode.FPSGameMode
[2020.03.27-17.47.05:228][944]Cmd: TRANSACTION UNDO
[2020.03.27-17.47.05:228][944]LogEditorTransaction: Undo Remove Axis Mapping Group
[2020.03.27-17.48.49:016][115]LogSlate: Window 'Project Settings' being destroyed
[2020.03.27-17.48.49:021][115]LogSlate: Window 'Project Settings' being destroyed
[2020.03.27-17.48.52:662][379]LogUObjectHash: Compacting FUObjectHashTables data took   3.34ms
[2020.03.27-17.49.19:565][975]LogSlate: Window 'Project Settings' being destroyed
[2020.03.27-17.49.19:570][975]LogSlate: Window 'Project Settings' being destroyed
[2020.03.27-17.49.21:274][164]LogUObjectHash: Compacting FUObjectHashTables data took   2.71ms
[2020.03.27-17.49.25:286][628]LogSlate: Took 0.000297 seconds to synchronously load lazily loaded font '../../../Engine/Content/Slate/Fonts/Roboto-BoldCondensed.ttf' (158K)
[2020.03.27-17.50.00:220][124]Cmd: OBJ SAVEPACKAGE PACKAGE="/Game/Blueprints/FPSController" FILE="D:/estudiExamen/estudiExamen/Content/Blueprints/FPSController.uasset" SILENT=true
[2020.03.27-17.50.00:228][124]LogSavePackage: Moving 'D:/estudiExamen/estudiExamen/Saved/FPSController03ED249C4481BC841D6B9D84CD1B4004.tmp' to 'D:/estudiExamen/estudiExamen/Content/Blueprints/FPSController.uasset'
[2020.03.27-17.50.00:249][124]AssetCheck: New page: Asset Save: FPSController
[2020.03.27-17.50.00:249][124]LogContentValidation: Display: Validating Blueprint /Game/Blueprints/FPSController.FPSController
[2020.03.27-17.50.24:853][646]BlueprintLog: New page: Compile FPSController
[2020.03.27-17.50.25:064][646]LogUObjectHash: Compacting FUObjectHashTables data took   3.38ms
[2020.03.27-17.50.25:242][664]BlueprintLog: New page: Compile FPSController
[2020.03.27-17.50.25:460][664]LogUObjectHash: Compacting FUObjectHashTables data took   3.70ms
[2020.03.27-17.50.27:111][848]LogUObjectHash: Compacting FUObjectHashTables data took   3.34ms
[2020.03.27-17.50.27:130][848]Cmd: OBJ SAVEPACKAGE PACKAGE="/Game/Blueprints/FPSController" FILE="D:/estudiExamen/estudiExamen/Content/Blueprints/FPSController.uasset" SILENT=true
[2020.03.27-17.50.27:137][848]LogSavePackage: Moving 'D:/estudiExamen/estudiExamen/Saved/FPSControllerAB8C34C74D83177756627FB072EA6B84.tmp' to 'D:/estudiExamen/estudiExamen/Content/Blueprints/FPSController.uasset'
[2020.03.27-17.50.27:154][848]AssetCheck: New page: Asset Save: FPSController
[2020.03.27-17.50.27:154][848]LogContentValidation: Display: Validating Blueprint /Game/Blueprints/FPSController.FPSController
[2020.03.27-17.51.05:381][556]Cmd: OBJ SAVEPACKAGE PACKAGE="/Game/Blueprints/FPSController" FILE="D:/estudiExamen/estudiExamen/Content/Blueprints/FPSController.uasset" SILENT=true
[2020.03.27-17.51.05:388][556]LogSavePackage: Moving 'D:/estudiExamen/estudiExamen/Saved/FPSController29B8B4A44C0496FD04A0A4B3318939A5.tmp' to 'D:/estudiExamen/estudiExamen/Content/Blueprints/FPSController.uasset'
[2020.03.27-17.51.05:404][556]AssetCheck: New page: Asset Save: FPSController
[2020.03.27-17.51.05:404][556]LogContentValidation: Display: Validating Blueprint /Game/Blueprints/FPSController.FPSController
[2020.03.27-17.51.09:686][820]LogUObjectHash: Compacting FUObjectHashTables data took   2.39ms
[2020.03.27-17.51.21:179][172]LogTemp: Repeating last play command: Selected Viewport
[2020.03.27-17.51.21:189][172]LogPlayLevel: PlayLevel: No blueprints needed recompiling
[2020.03.27-17.51.21:189][172]PIE: New page: PIE session: LetsCreateMap (Mar 27, 2020, 7:51:21 PM)
[2020.03.27-17.51.21:189][172]LogPlayLevel: Creating play world package: /Game/Maps/UEDPIE_0_LetsCreateMap
[2020.03.27-17.51.21:191][172]LogPlayLevel: PIE: StaticDuplicateObject took: (0.001734s)
[2020.03.27-17.51.21:191][172]LogAIModule: Creating AISystem for world LetsCreateMap
[2020.03.27-17.51.21:192][172]LogPlayLevel: PIE: World Init took: (0.001099s)
[2020.03.27-17.51.21:192][172]LogPlayLevel: PIE: Created PIE world by copying editor world from /Game/Maps/LetsCreateMap.LetsCreateMap to /Game/Maps/UEDPIE_0_LetsCreateMap.LetsCreateMap (0.002936s)
[2020.03.27-17.51.21:230][172]LogUObjectHash: Compacting FUObjectHashTables data took   2.46ms
[2020.03.27-17.51.21:231][172]LogAudioMixer: Display: Audio Mixer Platform Settings:
[2020.03.27-17.51.21:231][172]LogAudioMixer: Display: 	Sample Rate:						  48000
[2020.03.27-17.51.21:231][172]LogAudioMixer: Display: 	Callback Buffer Frame Size Requested: 1024
[2020.03.27-17.51.21:231][172]LogAudioMixer: Display: 	Callback Buffer Frame Size To Use:	  1024
[2020.03.27-17.51.21:231][172]LogAudioMixer: Display: 	Number of buffers to queue:			  2
[2020.03.27-17.51.21:231][172]LogAudioMixer: Display: 	Max Channels (voices):				  32
[2020.03.27-17.51.21:231][172]LogAudioMixer: Display: 	Number of Async Source Workers:		  0
[2020.03.27-17.51.21:231][172]LogAudio: Display: AudioDevice MaxSources: 32
[2020.03.27-17.51.21:231][172]LogAudio: Display: Using built-in audio occlusion.
[2020.03.27-17.51.21:231][172]LogAudioMixer: Display: Initializing audio mixer.
[2020.03.27-17.51.21:241][172]LogAudioMixer: Display: Audio Device Output Speaker Info:
[2020.03.27-17.51.21:241][172]LogAudioMixer: Display: Name: Speaker / Headphone (Realtek(R) Audio)
[2020.03.27-17.51.21:241][172]LogAudioMixer: Display: Is Default: Yes
[2020.03.27-17.51.21:241][172]LogAudioMixer: Display: Sample Rate: 48000
[2020.03.27-17.51.21:241][172]LogAudioMixer: Display: Channel Count Used: 2
[2020.03.27-17.51.21:241][172]LogAudioMixer: Display: Device Channel Count: 2
[2020.03.27-17.51.21:241][172]LogAudioMixer: Display: Channel Order:
[2020.03.27-17.51.21:241][172]LogAudioMixer: Display: 0: FrontLeft
[2020.03.27-17.51.21:241][172]LogAudioMixer: Display: 1: FrontRight
[2020.03.27-17.51.21:275][172]LogAudioMixer: Display: Using Audio Device Speaker / Headphone (Realtek(R) Audio)
[2020.03.27-17.51.21:276][172]LogInit: FAudioDevice initialized.
[2020.03.27-17.51.21:284][172]LogLoad: Game class is 'FPSGameMode_C'
[2020.03.27-17.51.21:285][172]LogWorld: Bringing World /Game/Maps/UEDPIE_0_LetsCreateMap.LetsCreateMap up for play (max tick rate 0) at 2020.03.27-18.51.21
[2020.03.27-17.51.21:285][172]LogWorld: Bringing up level for play took: 0.000422
[2020.03.27-17.51.21:285][172]LogOnline: OSS: Creating online subsystem instance for: :Context_6
[2020.03.27-17.51.21:287][172]PIE: Play in editor start time for /Game/Maps/UEDPIE_0_LetsCreateMap -0.718
[2020.03.27-17.51.25:800][711]LogAudioMixer: Display: No commands were queued while flushing the source manager.
[2020.03.27-17.51.25:818][711]LogAudioMixer: Display: Flush succeeded in the source manager command queue (1).
[2020.03.27-17.51.25:838][711]LogAudioMixer: Display: Flush succeeded the source manager command queue (2).
[2020.03.27-17.51.25:839][711]LogSlate: Updating window title bar state: overlay mode, drag disabled, window buttons hidden, title bar hidden
[2020.03.27-17.51.25:839][711]LogWorld: BeginTearingDown for /Game/Maps/UEDPIE_0_LetsCreateMap
[2020.03.27-17.51.25:839][711]LogAudioMixer: Display: No commands were queued while flushing the source manager.
[2020.03.27-17.51.25:839][711]LogWorld: UWorld::CleanupWorld for LetsCreateMap, bSessionEnded=true, bCleanupResources=true
[2020.03.27-17.51.25:839][711]LogSlate: InvalidateAllWidgets triggered.  All widgets were invalidated
[2020.03.27-17.51.25:848][711]LogPlayLevel: Display: Shutting down PIE online subsystems
[2020.03.27-17.51.25:852][711]LogSlate: InvalidateAllWidgets triggered.  All widgets were invalidated
[2020.03.27-17.51.25:884][711]LogAudioMixer: Display: No commands were queued while flushing the source manager.
[2020.03.27-17.51.25:889][711]LogSlate: Updating window title bar state: overlay mode, drag disabled, window buttons hidden, title bar hidden
[2020.03.27-17.51.25:892][711]LogUObjectHash: Compacting FUObjectHashTables data took   2.41ms
[2020.03.27-17.51.25:907][712]LogPlayLevel: Display: Destroying online subsystem :Context_6
[2020.03.27-17.51.29:278][104]LogWorld: UWorld::CleanupWorld for World_2, bSessionEnded=true, bCleanupResources=true
[2020.03.27-17.51.29:278][104]LogSlate: InvalidateAllWidgets triggered.  All widgets were invalidated
[2020.03.27-17.51.43:861][228]BlueprintLog: New page: Compile FPSController
[2020.03.27-17.51.44:075][228]LogUObjectHash: Compacting FUObjectHashTables data took   3.75ms
[2020.03.27-17.52.02:912][298]Cmd: OBJ SAVEPACKAGE PACKAGE="/Game/Blueprints/FPSController" FILE="D:/estudiExamen/estudiExamen/Content/Blueprints/FPSController.uasset" SILENT=true
[2020.03.27-17.52.02:919][298]LogSavePackage: Moving 'D:/estudiExamen/estudiExamen/Saved/FPSControllerD6982EDA43284406CC57F9992291D11A.tmp' to 'D:/estudiExamen/estudiExamen/Content/Blueprints/FPSController.uasset'
[2020.03.27-17.52.02:935][298]AssetCheck: New page: Asset Save: FPSController
[2020.03.27-17.52.02:935][298]LogContentValidation: Display: Validating Blueprint /Game/Blueprints/FPSController.FPSController
[2020.03.27-17.52.54:686][748]LogUObjectHash: Compacting FUObjectHashTables data took   3.48ms
[2020.03.27-17.52.54:687][748]LogFileHelpers: Editor autosave (incl. sublevels) for '/Game/Maps/LetsCreateMap' took 0.038
[2020.03.27-17.52.54:687][748]OBJ SavePackage: Generating thumbnails for [0] asset(s) in package [/Game/Blueprints/FPSController] ([1] browsable assets)...
[2020.03.27-17.52.54:687][748]OBJ SavePackage: Finished generating thumbnails for package [/Game/Blueprints/FPSController]
[2020.03.27-17.52.54:687][748]Cmd: OBJ SAVEPACKAGE PACKAGE="/Game/Blueprints/FPSController" FILE="D:/estudiExamen/estudiExamen/Saved/Autosaves/Game/Blueprints/FPSController_Auto2.uasset" SILENT=false AUTOSAVING=true
[2020.03.27-17.52.54:696][748]LogSavePackage: Moving 'D:/estudiExamen/estudiExamen/Saved/FPSController_Auto2A8012EFC41DA314B5AF515B869BF942B.tmp' to 'D:/estudiExamen/estudiExamen/Saved/Autosaves/Game/Blueprints/FPSController_Auto2.uasset'
[2020.03.27-17.52.54:700][748]LogFileHelpers: Auto-saving content packages took 0.013
[2020.03.27-18.02.36:098][678]Cmd: OBJ SAVEPACKAGE PACKAGE="/Game/Blueprints/FPSController" FILE="D:/estudiExamen/estudiExamen/Content/Blueprints/FPSController.uasset" SILENT=true
[2020.03.27-18.02.36:107][678]LogSavePackage: Moving 'D:/estudiExamen/estudiExamen/Saved/FPSControllerD4D0576B42A2AFF06FE66CBCB471F63A.tmp' to 'D:/estudiExamen/estudiExamen/Content/Blueprints/FPSController.uasset'
[2020.03.27-18.02.36:129][678]AssetCheck: New page: Asset Save: FPSController
[2020.03.27-18.02.36:129][678]LogContentValidation: Display: Validating Blueprint /Game/Blueprints/FPSController.FPSController
[2020.03.27-18.06.05:966][300]LogUObjectHash: Compacting FUObjectHashTables data took   1.11ms
[2020.03.27-18.06.05:967][300]LogFileHelpers: Editor autosave (incl. sublevels) for '/Game/Maps/LetsCreateMap' took 0.032
[2020.03.27-18.06.05:967][300]OBJ SavePackage: Generating thumbnails for [0] asset(s) in package [/Game/Blueprints/FPSController] ([1] browsable assets)...
[2020.03.27-18.06.05:968][300]OBJ SavePackage: Finished generating thumbnails for package [/Game/Blueprints/FPSController]
[2020.03.27-18.06.05:968][300]Cmd: OBJ SAVEPACKAGE PACKAGE="/Game/Blueprints/FPSController" FILE="D:/estudiExamen/estudiExamen/Saved/Autosaves/Game/Blueprints/FPSController_Auto3.uasset" SILENT=false AUTOSAVING=true
[2020.03.27-18.06.05:976][300]LogSavePackage: Moving 'D:/estudiExamen/estudiExamen/Saved/FPSController_Auto346D75ABB4EE8913EE3403191F42682F6.tmp' to 'D:/estudiExamen/estudiExamen/Saved/Autosaves/Game/Blueprints/FPSController_Auto3.uasset'
[2020.03.27-18.06.05:980][300]LogFileHelpers: Auto-saving content packages took 0.013
[2020.03.27-18.10.44:523][  4]LogSlate: Window 'Project Settings' being destroyed
[2020.03.27-18.10.44:525][  4]LogSlate: Window 'Project Settings' being destroyed
[2020.03.27-18.16.26:458][400]BlueprintLog: New page: Compile FPSController
[2020.03.27-18.16.26:684][400]LogUObjectHash: Compacting FUObjectHashTables data took   3.58ms
[2020.03.27-18.16.27:381][440]Cmd: OBJ SAVEPACKAGE PACKAGE="/Game/Blueprints/FPSController" FILE="D:/estudiExamen/estudiExamen/Content/Blueprints/FPSController.uasset" SILENT=true
[2020.03.27-18.16.27:392][440]LogSavePackage: Moving 'D:/estudiExamen/estudiExamen/Saved/FPSController6E6972A44A68163B0802DE9376E89F83.tmp' to 'D:/estudiExamen/estudiExamen/Content/Blueprints/FPSController.uasset'
[2020.03.27-18.16.27:412][440]AssetCheck: New page: Asset Save: FPSController
[2020.03.27-18.16.27:412][440]LogContentValidation: Display: Validating Blueprint /Game/Blueprints/FPSController.FPSController
[2020.03.27-18.16.28:953][530]LogUObjectHash: Compacting FUObjectHashTables data took   4.19ms
[2020.03.27-18.16.32:576][746]LogTemp: Repeating last play command: Selected Viewport
[2020.03.27-18.16.32:585][746]LogPlayLevel: PlayLevel: No blueprints needed recompiling
[2020.03.27-18.16.32:585][746]PIE: New page: PIE session: LetsCreateMap (Mar 27, 2020, 8:16:32 PM)
[2020.03.27-18.16.32:585][746]LogPlayLevel: Creating play world package: /Game/Maps/UEDPIE_0_LetsCreateMap
[2020.03.27-18.16.32:587][746]LogPlayLevel: PIE: StaticDuplicateObject took: (0.001805s)
[2020.03.27-18.16.32:587][746]LogAIModule: Creating AISystem for world LetsCreateMap
[2020.03.27-18.16.32:588][746]LogPlayLevel: PIE: World Init took: (0.000974s)
[2020.03.27-18.16.32:588][746]LogPlayLevel: PIE: Created PIE world by copying editor world from /Game/Maps/LetsCreateMap.LetsCreateMap to /Game/Maps/UEDPIE_0_LetsCreateMap.LetsCreateMap (0.002891s)
[2020.03.27-18.16.32:618][746]LogUObjectHash: Compacting FUObjectHashTables data took   2.93ms
[2020.03.27-18.16.32:618][746]LogAudioMixer: Display: Audio Mixer Platform Settings:
[2020.03.27-18.16.32:618][746]LogAudioMixer: Display: 	Sample Rate:						  48000
[2020.03.27-18.16.32:618][746]LogAudioMixer: Display: 	Callback Buffer Frame Size Requested: 1024
[2020.03.27-18.16.32:618][746]LogAudioMixer: Display: 	Callback Buffer Frame Size To Use:	  1024
[2020.03.27-18.16.32:618][746]LogAudioMixer: Display: 	Number of buffers to queue:			  2
[2020.03.27-18.16.32:618][746]LogAudioMixer: Display: 	Max Channels (voices):				  32
[2020.03.27-18.16.32:618][746]LogAudioMixer: Display: 	Number of Async Source Workers:		  0
[2020.03.27-18.16.32:618][746]LogAudio: Display: AudioDevice MaxSources: 32
[2020.03.27-18.16.32:619][746]LogAudio: Display: Using built-in audio occlusion.
[2020.03.27-18.16.32:619][746]LogAudioMixer: Display: Initializing audio mixer.
[2020.03.27-18.16.32:629][746]LogAudioMixer: Display: Audio Device Output Speaker Info:
[2020.03.27-18.16.32:629][746]LogAudioMixer: Display: Name: Speaker / Headphone (Realtek(R) Audio)
[2020.03.27-18.16.32:629][746]LogAudioMixer: Display: Is Default: Yes
[2020.03.27-18.16.32:629][746]LogAudioMixer: Display: Sample Rate: 48000
[2020.03.27-18.16.32:629][746]LogAudioMixer: Display: Channel Count Used: 2
[2020.03.27-18.16.32:629][746]LogAudioMixer: Display: Device Channel Count: 2
[2020.03.27-18.16.32:629][746]LogAudioMixer: Display: Channel Order:
[2020.03.27-18.16.32:629][746]LogAudioMixer: Display: 0: FrontLeft
[2020.03.27-18.16.32:629][746]LogAudioMixer: Display: 1: FrontRight
[2020.03.27-18.16.32:663][746]LogAudioMixer: Display: Using Audio Device Speaker / Headphone (Realtek(R) Audio)
[2020.03.27-18.16.32:665][746]LogInit: FAudioDevice initialized.
[2020.03.27-18.16.32:674][746]LogLoad: Game class is 'FPSGameMode_C'
[2020.03.27-18.16.32:675][746]LogWorld: Bringing World /Game/Maps/UEDPIE_0_LetsCreateMap.LetsCreateMap up for play (max tick rate 60) at 2020.03.27-19.16.32
[2020.03.27-18.16.32:675][746]LogWorld: Bringing up level for play took: 0.000405
[2020.03.27-18.16.32:675][746]LogOnline: OSS: Creating online subsystem instance for: :Context_7
[2020.03.27-18.16.32:677][746]PIE: Play in editor start time for /Game/Maps/UEDPIE_0_LetsCreateMap 0.672
[2020.03.27-18.16.38:877][117]LogAudioMixer: Display: No commands were queued while flushing the source manager.
[2020.03.27-18.16.38:877][117]LogAudioMixer: Display: No commands were queued while flushing the source manager.
[2020.03.27-18.16.38:877][117]LogSlate: Updating window title bar state: overlay mode, drag disabled, window buttons hidden, title bar hidden
[2020.03.27-18.16.38:877][117]LogWorld: BeginTearingDown for /Game/Maps/UEDPIE_0_LetsCreateMap
[2020.03.27-18.16.38:877][117]LogAudioMixer: Display: No commands were queued while flushing the source manager.
[2020.03.27-18.16.38:877][117]LogWorld: UWorld::CleanupWorld for LetsCreateMap, bSessionEnded=true, bCleanupResources=true
[2020.03.27-18.16.38:877][117]LogSlate: InvalidateAllWidgets triggered.  All widgets were invalidated
[2020.03.27-18.16.38:886][117]LogPlayLevel: Display: Shutting down PIE online subsystems
[2020.03.27-18.16.38:891][117]LogSlate: InvalidateAllWidgets triggered.  All widgets were invalidated
[2020.03.27-18.16.38:925][117]LogAudioMixer: Display: No commands were queued while flushing the source manager.
[2020.03.27-18.16.38:929][117]LogSlate: Updating window title bar state: overlay mode, drag disabled, window buttons hidden, title bar hidden
[2020.03.27-18.16.38:932][117]LogUObjectHash: Compacting FUObjectHashTables data took   2.69ms
[2020.03.27-18.16.38:991][120]LogPlayLevel: Display: Destroying online subsystem :Context_7
[2020.03.27-18.16.55:804][993]LogEditorTransaction: Undo Move Node
[2020.03.27-18.16.58:663][157]BlueprintLog: New page: Compile FPSController
[2020.03.27-18.16.58:877][157]LogUObjectHash: Compacting FUObjectHashTables data took   3.71ms
[2020.03.27-18.16.59:757][208]Cmd: OBJ SAVEPACKAGE PACKAGE="/Game/Blueprints/FPSController" FILE="D:/estudiExamen/estudiExamen/Content/Blueprints/FPSController.uasset" SILENT=true
[2020.03.27-18.16.59:767][208]LogSavePackage: Moving 'D:/estudiExamen/estudiExamen/Saved/FPSControllerA58F50BC46E70A085BC00BAC4C37954A.tmp' to 'D:/estudiExamen/estudiExamen/Content/Blueprints/FPSController.uasset'
[2020.03.27-18.16.59:782][208]AssetCheck: New page: Asset Save: FPSController
[2020.03.27-18.16.59:782][208]LogContentValidation: Display: Validating Blueprint /Game/Blueprints/FPSController.FPSController
[2020.03.27-18.17.01:970][339]LogTemp: Repeating last play command: Selected Viewport
[2020.03.27-18.17.01:976][339]LogPlayLevel: PlayLevel: No blueprints needed recompiling
[2020.03.27-18.17.01:977][339]PIE: New page: PIE session: LetsCreateMap (Mar 27, 2020, 8:17:01 PM)
[2020.03.27-18.17.01:977][339]LogPlayLevel: Creating play world package: /Game/Maps/UEDPIE_0_LetsCreateMap
[2020.03.27-18.17.01:978][339]LogPlayLevel: PIE: StaticDuplicateObject took: (0.001729s)
[2020.03.27-18.17.01:979][339]LogAIModule: Creating AISystem for world LetsCreateMap
[2020.03.27-18.17.01:979][339]LogPlayLevel: PIE: World Init took: (0.000849s)
[2020.03.27-18.17.01:979][339]LogPlayLevel: PIE: Created PIE world by copying editor world from /Game/Maps/LetsCreateMap.LetsCreateMap to /Game/Maps/UEDPIE_0_LetsCreateMap.LetsCreateMap (0.002681s)
[2020.03.27-18.17.02:009][339]LogUObjectHash: Compacting FUObjectHashTables data took   3.66ms
[2020.03.27-18.17.02:009][339]LogAudioMixer: Display: Audio Mixer Platform Settings:
[2020.03.27-18.17.02:009][339]LogAudioMixer: Display: 	Sample Rate:						  48000
[2020.03.27-18.17.02:009][339]LogAudioMixer: Display: 	Callback Buffer Frame Size Requested: 1024
[2020.03.27-18.17.02:009][339]LogAudioMixer: Display: 	Callback Buffer Frame Size To Use:	  1024
[2020.03.27-18.17.02:009][339]LogAudioMixer: Display: 	Number of buffers to queue:			  2
[2020.03.27-18.17.02:009][339]LogAudioMixer: Display: 	Max Channels (voices):				  32
[2020.03.27-18.17.02:009][339]LogAudioMixer: Display: 	Number of Async Source Workers:		  0
[2020.03.27-18.17.02:009][339]LogAudio: Display: AudioDevice MaxSources: 32
[2020.03.27-18.17.02:009][339]LogAudio: Display: Using built-in audio occlusion.
[2020.03.27-18.17.02:009][339]LogAudioMixer: Display: Initializing audio mixer.
[2020.03.27-18.17.02:019][339]LogAudioMixer: Display: Audio Device Output Speaker Info:
[2020.03.27-18.17.02:019][339]LogAudioMixer: Display: Name: Speaker / Headphone (Realtek(R) Audio)
[2020.03.27-18.17.02:019][339]LogAudioMixer: Display: Is Default: Yes
[2020.03.27-18.17.02:019][339]LogAudioMixer: Display: Sample Rate: 48000
[2020.03.27-18.17.02:019][339]LogAudioMixer: Display: Channel Count Used: 2
[2020.03.27-18.17.02:019][339]LogAudioMixer: Display: Device Channel Count: 2
[2020.03.27-18.17.02:019][339]LogAudioMixer: Display: Channel Order:
[2020.03.27-18.17.02:019][339]LogAudioMixer: Display: 0: FrontLeft
[2020.03.27-18.17.02:019][339]LogAudioMixer: Display: 1: FrontRight
[2020.03.27-18.17.02:053][339]LogAudioMixer: Display: Using Audio Device Speaker / Headphone (Realtek(R) Audio)
[2020.03.27-18.17.02:055][339]LogInit: FAudioDevice initialized.
[2020.03.27-18.17.02:062][339]LogLoad: Game class is 'FPSGameMode_C'
[2020.03.27-18.17.02:063][339]LogWorld: Bringing World /Game/Maps/UEDPIE_0_LetsCreateMap.LetsCreateMap up for play (max tick rate 60) at 2020.03.27-19.17.02
[2020.03.27-18.17.02:063][339]LogWorld: Bringing up level for play took: 0.000391
[2020.03.27-18.17.02:063][339]LogOnline: OSS: Creating online subsystem instance for: :Context_8
[2020.03.27-18.17.02:065][339]PIE: Play in editor start time for /Game/Maps/UEDPIE_0_LetsCreateMap 0.06
[2020.03.27-18.17.10:391][838]LogAudioMixer: Display: No commands were queued while flushing the source manager.
[2020.03.27-18.17.10:399][838]LogAudioMixer: Display: Flush succeeded in the source manager command queue (1).
[2020.03.27-18.17.10:419][838]LogAudioMixer: Display: Flush succeeded the source manager command queue (2).
[2020.03.27-18.17.10:419][838]LogSlate: Updating window title bar state: overlay mode, drag disabled, window buttons hidden, title bar hidden
[2020.03.27-18.17.10:419][838]LogWorld: BeginTearingDown for /Game/Maps/UEDPIE_0_LetsCreateMap
[2020.03.27-18.17.10:419][838]LogAudioMixer: Display: No commands were queued while flushing the source manager.
[2020.03.27-18.17.10:419][838]LogWorld: UWorld::CleanupWorld for LetsCreateMap, bSessionEnded=true, bCleanupResources=true
[2020.03.27-18.17.10:420][838]LogSlate: InvalidateAllWidgets triggered.  All widgets were invalidated
[2020.03.27-18.17.10:427][838]LogPlayLevel: Display: Shutting down PIE online subsystems
[2020.03.27-18.17.10:432][838]LogSlate: InvalidateAllWidgets triggered.  All widgets were invalidated
[2020.03.27-18.17.10:465][838]LogAudioMixer: Display: No commands were queued while flushing the source manager.
[2020.03.27-18.17.10:470][838]LogSlate: Updating window title bar state: overlay mode, drag disabled, window buttons hidden, title bar hidden
[2020.03.27-18.17.10:473][838]LogUObjectHash: Compacting FUObjectHashTables data took   2.71ms
[2020.03.27-18.17.10:504][840]LogPlayLevel: Display: Destroying online subsystem :Context_8
[2020.03.27-18.17.36:932][366]BlueprintLog: New page: Compile FPSController
[2020.03.27-18.17.37:143][366]LogUObjectHash: Compacting FUObjectHashTables data took   3.28ms
[2020.03.27-18.17.39:645][512]LogUObjectHash: Compacting FUObjectHashTables data took   3.49ms
[2020.03.27-18.17.39:658][512]Cmd: OBJ SAVEPACKAGE PACKAGE="/Game/Blueprints/FPSController" FILE="D:/estudiExamen/estudiExamen/Content/Blueprints/FPSController.uasset" SILENT=true
[2020.03.27-18.17.39:668][512]LogSavePackage: Moving 'D:/estudiExamen/estudiExamen/Saved/FPSController12EF61F64860C504EE2B7BA76DD8360B.tmp' to 'D:/estudiExamen/estudiExamen/Content/Blueprints/FPSController.uasset'
[2020.03.27-18.17.39:685][512]AssetCheck: New page: Asset Save: FPSController
[2020.03.27-18.17.39:685][512]LogContentValidation: Display: Validating Blueprint /Game/Blueprints/FPSController.FPSController
